[2020-09-16 12:29:37] Текст ошибки: Class 'app\controllers\Cache' not found | Файл: C:\Users\Oleg\Downloads\OpenServer\domains\CMS1207\app\controllers\MainController.php | Строка: 17
==============
[2020-09-16 12:37:30] Текст ошибки: Страница не найдена | Файл: C:\Users\Oleg\Downloads\OpenServer\domains\CMS1207\vendor\CMS1207\core\Router.php | Строка: 45
==============
[2020-09-16 12:45:06] Текст ошибки: Страница не найдена | Файл: C:\Users\Oleg\Downloads\OpenServer\domains\CMS1207\vendor\CMS1207\core\Router.php | Строка: 45
==============
[2020-09-16 12:45:06] Текст ошибки: Страница не найдена | Файл: C:\Users\Oleg\Downloads\OpenServer\domains\CMS1207\vendor\CMS1207\core\Router.php | Строка: 45
==============
[2020-09-16 12:45:07] Текст ошибки: Страница не найдена | Файл: C:\Users\Oleg\Downloads\OpenServer\domains\CMS1207\vendor\CMS1207\core\Router.php | Строка: 45
==============
[2020-09-16 12:45:07] Текст ошибки: Страница не найдена | Файл: C:\Users\Oleg\Downloads\OpenServer\domains\CMS1207\vendor\CMS1207\core\Router.php | Строка: 45
==============
[2020-09-16 12:45:07] Текст ошибки: Страница не найдена | Файл: C:\Users\Oleg\Downloads\OpenServer\domains\CMS1207\vendor\CMS1207\core\Router.php | Строка: 45
==============
[2020-09-16 12:45:07] Текст ошибки: Страница не найдена | Файл: C:\Users\Oleg\Downloads\OpenServer\domains\CMS1207\vendor\CMS1207\core\Router.php | Строка: 45
==============
[2020-09-16 12:45:07] Текст ошибки: Страница не найдена | Файл: C:\Users\Oleg\Downloads\OpenServer\domains\CMS1207\vendor\CMS1207\core\Router.php | Строка: 45
==============
[2020-09-16 12:45:07] Текст ошибки: Страница не найдена | Файл: C:\Users\Oleg\Downloads\OpenServer\domains\CMS1207\vendor\CMS1207\core\Router.php | Строка: 45
==============
[2020-09-16 12:45:07] Текст ошибки: Страница не найдена | Файл: C:\Users\Oleg\Downloads\OpenServer\domains\CMS1207\vendor\CMS1207\core\Router.php | Строка: 45
==============
[2020-09-16 12:45:07] Текст ошибки: Страница не найдена | Файл: C:\Users\Oleg\Downloads\OpenServer\domains\CMS1207\vendor\CMS1207\core\Router.php | Строка: 45
==============
[2020-09-16 12:45:07] Текст ошибки: Страница не найдена | Файл: C:\Users\Oleg\Downloads\OpenServer\domains\CMS1207\vendor\CMS1207\core\Router.php | Строка: 45
==============
[2020-09-16 12:45:07] Текст ошибки: Страница не найдена | Файл: C:\Users\Oleg\Downloads\OpenServer\domains\CMS1207\vendor\CMS1207\core\Router.php | Строка: 45
==============
[2020-09-16 12:45:07] Текст ошибки: Страница не найдена | Файл: C:\Users\Oleg\Downloads\OpenServer\domains\CMS1207\vendor\CMS1207\core\Router.php | Строка: 45
==============
[2020-09-16 12:45:07] Текст ошибки: Страница не найдена | Файл: C:\Users\Oleg\Downloads\OpenServer\domains\CMS1207\vendor\CMS1207\core\Router.php | Строка: 45
==============
[2020-09-16 12:45:07] Текст ошибки: Страница не найдена | Файл: C:\Users\Oleg\Downloads\OpenServer\domains\CMS1207\vendor\CMS1207\core\Router.php | Строка: 45
==============
[2020-09-16 12:45:07] Текст ошибки: Страница не найдена | Файл: C:\Users\Oleg\Downloads\OpenServer\domains\CMS1207\vendor\CMS1207\core\Router.php | Строка: 45
==============
[2020-09-16 12:45:07] Текст ошибки: Страница не найдена | Файл: C:\Users\Oleg\Downloads\OpenServer\domains\CMS1207\vendor\CMS1207\core\Router.php | Строка: 45
==============
[2020-09-16 12:45:07] Текст ошибки: Страница не найдена | Файл: C:\Users\Oleg\Downloads\OpenServer\domains\CMS1207\vendor\CMS1207\core\Router.php | Строка: 45
==============
[2020-09-16 12:45:07] Текст ошибки: Страница не найдена | Файл: C:\Users\Oleg\Downloads\OpenServer\domains\CMS1207\vendor\CMS1207\core\Router.php | Строка: 45
==============
[2020-09-16 12:45:07] Текст ошибки: Страница не найдена | Файл: C:\Users\Oleg\Downloads\OpenServer\domains\CMS1207\vendor\CMS1207\core\Router.php | Строка: 45
==============
[2020-09-16 12:45:07] Текст ошибки: Страница не найдена | Файл: C:\Users\Oleg\Downloads\OpenServer\domains\CMS1207\vendor\CMS1207\core\Router.php | Строка: 45
==============
[2020-09-16 12:45:07] Текст ошибки: Страница не найдена | Файл: C:\Users\Oleg\Downloads\OpenServer\domains\CMS1207\vendor\CMS1207\core\Router.php | Строка: 45
==============
[2020-09-16 12:45:07] Текст ошибки: Страница не найдена | Файл: C:\Users\Oleg\Downloads\OpenServer\domains\CMS1207\vendor\CMS1207\core\Router.php | Строка: 45
==============
[2020-09-16 12:45:07] Текст ошибки: Страница не найдена | Файл: C:\Users\Oleg\Downloads\OpenServer\domains\CMS1207\vendor\CMS1207\core\Router.php | Строка: 45
==============
[2020-09-16 12:45:08] Текст ошибки: Страница не найдена | Файл: C:\Users\Oleg\Downloads\OpenServer\domains\CMS1207\vendor\CMS1207\core\Router.php | Строка: 45
==============
[2020-09-16 12:45:08] Текст ошибки: Страница не найдена | Файл: C:\Users\Oleg\Downloads\OpenServer\domains\CMS1207\vendor\CMS1207\core\Router.php | Строка: 45
==============
[2020-09-16 12:45:08] Текст ошибки: Страница не найдена | Файл: C:\Users\Oleg\Downloads\OpenServer\domains\CMS1207\vendor\CMS1207\core\Router.php | Строка: 45
==============
[2020-09-16 12:45:08] Текст ошибки: Страница не найдена | Файл: C:\Users\Oleg\Downloads\OpenServer\domains\CMS1207\vendor\CMS1207\core\Router.php | Строка: 45
==============
[2020-09-16 12:45:08] Текст ошибки: Страница не найдена | Файл: C:\Users\Oleg\Downloads\OpenServer\domains\CMS1207\vendor\CMS1207\core\Router.php | Строка: 45
==============
[2020-09-16 12:45:08] Текст ошибки: Страница не найдена | Файл: C:\Users\Oleg\Downloads\OpenServer\domains\CMS1207\vendor\CMS1207\core\Router.php | Строка: 45
==============
[2020-09-16 12:45:08] Текст ошибки: Страница не найдена | Файл: C:\Users\Oleg\Downloads\OpenServer\domains\CMS1207\vendor\CMS1207\core\Router.php | Строка: 45
==============
[2020-09-16 12:45:08] Текст ошибки: Страница не найдена | Файл: C:\Users\Oleg\Downloads\OpenServer\domains\CMS1207\vendor\CMS1207\core\Router.php | Строка: 45
==============
[2020-09-16 12:45:08] Текст ошибки: Страница не найдена | Файл: C:\Users\Oleg\Downloads\OpenServer\domains\CMS1207\vendor\CMS1207\core\Router.php | Строка: 45
==============
[2020-09-16 12:45:08] Текст ошибки: Страница не найдена | Файл: C:\Users\Oleg\Downloads\OpenServer\domains\CMS1207\vendor\CMS1207\core\Router.php | Строка: 45
==============
[2020-09-16 12:45:08] Текст ошибки: Страница не найдена | Файл: C:\Users\Oleg\Downloads\OpenServer\domains\CMS1207\vendor\CMS1207\core\Router.php | Строка: 45
==============
[2020-09-16 12:45:08] Текст ошибки: Страница не найдена | Файл: C:\Users\Oleg\Downloads\OpenServer\domains\CMS1207\vendor\CMS1207\core\Router.php | Строка: 45
==============
[2020-09-16 12:45:08] Текст ошибки: Страница не найдена | Файл: C:\Users\Oleg\Downloads\OpenServer\domains\CMS1207\vendor\CMS1207\core\Router.php | Строка: 45
==============
[2020-09-16 12:45:08] Текст ошибки: Страница не найдена | Файл: C:\Users\Oleg\Downloads\OpenServer\domains\CMS1207\vendor\CMS1207\core\Router.php | Строка: 45
==============
[2020-09-16 12:45:08] Текст ошибки: Страница не найдена | Файл: C:\Users\Oleg\Downloads\OpenServer\domains\CMS1207\vendor\CMS1207\core\Router.php | Строка: 45
==============
[2020-09-16 12:45:08] Текст ошибки: Страница не найдена | Файл: C:\Users\Oleg\Downloads\OpenServer\domains\CMS1207\vendor\CMS1207\core\Router.php | Строка: 45
==============
[2020-09-16 12:45:08] Текст ошибки: Страница не найдена | Файл: C:\Users\Oleg\Downloads\OpenServer\domains\CMS1207\vendor\CMS1207\core\Router.php | Строка: 45
==============
[2020-09-16 12:45:08] Текст ошибки: Страница не найдена | Файл: C:\Users\Oleg\Downloads\OpenServer\domains\CMS1207\vendor\CMS1207\core\Router.php | Строка: 45
==============
[2020-09-16 12:45:08] Текст ошибки: Страница не найдена | Файл: C:\Users\Oleg\Downloads\OpenServer\domains\CMS1207\vendor\CMS1207\core\Router.php | Строка: 45
==============
[2020-09-16 12:45:08] Текст ошибки: Страница не найдена | Файл: C:\Users\Oleg\Downloads\OpenServer\domains\CMS1207\vendor\CMS1207\core\Router.php | Строка: 45
==============
[2020-09-16 12:45:08] Текст ошибки: Страница не найдена | Файл: C:\Users\Oleg\Downloads\OpenServer\domains\CMS1207\vendor\CMS1207\core\Router.php | Строка: 45
==============
[2020-09-16 12:45:08] Текст ошибки: Страница не найдена | Файл: C:\Users\Oleg\Downloads\OpenServer\domains\CMS1207\vendor\CMS1207\core\Router.php | Строка: 45
==============
[2020-09-16 12:45:08] Текст ошибки: Страница не найдена | Файл: C:\Users\Oleg\Downloads\OpenServer\domains\CMS1207\vendor\CMS1207\core\Router.php | Строка: 45
==============
[2020-09-16 12:45:08] Текст ошибки: Страница не найдена | Файл: C:\Users\Oleg\Downloads\OpenServer\domains\CMS1207\vendor\CMS1207\core\Router.php | Строка: 45
==============
[2020-09-16 12:45:08] Текст ошибки: Страница не найдена | Файл: C:\Users\Oleg\Downloads\OpenServer\domains\CMS1207\vendor\CMS1207\core\Router.php | Строка: 45
==============
[2020-09-16 12:45:08] Текст ошибки: Страница не найдена | Файл: C:\Users\Oleg\Downloads\OpenServer\domains\CMS1207\vendor\CMS1207\core\Router.php | Строка: 45
==============
[2020-09-16 12:45:08] Текст ошибки: Страница не найдена | Файл: C:\Users\Oleg\Downloads\OpenServer\domains\CMS1207\vendor\CMS1207\core\Router.php | Строка: 45
==============
[2020-09-16 12:45:08] Текст ошибки: Страница не найдена | Файл: C:\Users\Oleg\Downloads\OpenServer\domains\CMS1207\vendor\CMS1207\core\Router.php | Строка: 45
==============
[2020-09-16 12:45:09] Текст ошибки: Страница не найдена | Файл: C:\Users\Oleg\Downloads\OpenServer\domains\CMS1207\vendor\CMS1207\core\Router.php | Строка: 45
==============
[2020-09-16 12:45:09] Текст ошибки: Страница не найдена | Файл: C:\Users\Oleg\Downloads\OpenServer\domains\CMS1207\vendor\CMS1207\core\Router.php | Строка: 45
==============
[2020-09-16 12:45:09] Текст ошибки: Страница не найдена | Файл: C:\Users\Oleg\Downloads\OpenServer\domains\CMS1207\vendor\CMS1207\core\Router.php | Строка: 45
==============
[2020-09-16 12:45:09] Текст ошибки: Страница не найдена | Файл: C:\Users\Oleg\Downloads\OpenServer\domains\CMS1207\vendor\CMS1207\core\Router.php | Строка: 45
==============
[2020-09-16 12:45:09] Текст ошибки: Страница не найдена | Файл: C:\Users\Oleg\Downloads\OpenServer\domains\CMS1207\vendor\CMS1207\core\Router.php | Строка: 45
==============
[2020-09-16 12:45:09] Текст ошибки: Страница не найдена | Файл: C:\Users\Oleg\Downloads\OpenServer\domains\CMS1207\vendor\CMS1207\core\Router.php | Строка: 45
==============
[2020-09-16 12:45:09] Текст ошибки: Страница не найдена | Файл: C:\Users\Oleg\Downloads\OpenServer\domains\CMS1207\vendor\CMS1207\core\Router.php | Строка: 45
==============
[2020-09-16 12:45:09] Текст ошибки: Страница не найдена | Файл: C:\Users\Oleg\Downloads\OpenServer\domains\CMS1207\vendor\CMS1207\core\Router.php | Строка: 45
==============
[2020-09-16 12:45:09] Текст ошибки: Страница не найдена | Файл: C:\Users\Oleg\Downloads\OpenServer\domains\CMS1207\vendor\CMS1207\core\Router.php | Строка: 45
==============
[2020-09-16 12:45:09] Текст ошибки: Страница не найдена | Файл: C:\Users\Oleg\Downloads\OpenServer\domains\CMS1207\vendor\CMS1207\core\Router.php | Строка: 45
==============
[2020-09-16 12:45:09] Текст ошибки: Страница не найдена | Файл: C:\Users\Oleg\Downloads\OpenServer\domains\CMS1207\vendor\CMS1207\core\Router.php | Строка: 45
==============
[2020-09-16 12:45:37] Текст ошибки: Страница не найдена | Файл: C:\Users\Oleg\Downloads\OpenServer\domains\CMS1207\vendor\CMS1207\core\Router.php | Строка: 45
==============
[2020-09-16 12:45:37] Текст ошибки: Страница не найдена | Файл: C:\Users\Oleg\Downloads\OpenServer\domains\CMS1207\vendor\CMS1207\core\Router.php | Строка: 45
==============
[2020-09-16 12:45:37] Текст ошибки: Страница не найдена | Файл: C:\Users\Oleg\Downloads\OpenServer\domains\CMS1207\vendor\CMS1207\core\Router.php | Строка: 45
==============
[2020-09-16 12:45:37] Текст ошибки: Страница не найдена | Файл: C:\Users\Oleg\Downloads\OpenServer\domains\CMS1207\vendor\CMS1207\core\Router.php | Строка: 45
==============
[2020-09-16 12:45:37] Текст ошибки: Страница не найдена | Файл: C:\Users\Oleg\Downloads\OpenServer\domains\CMS1207\vendor\CMS1207\core\Router.php | Строка: 45
==============
[2020-09-16 12:45:37] Текст ошибки: Страница не найдена | Файл: C:\Users\Oleg\Downloads\OpenServer\domains\CMS1207\vendor\CMS1207\core\Router.php | Строка: 45
==============
[2020-09-16 12:45:37] Текст ошибки: Страница не найдена | Файл: C:\Users\Oleg\Downloads\OpenServer\domains\CMS1207\vendor\CMS1207\core\Router.php | Строка: 45
==============
[2020-09-16 12:45:37] Текст ошибки: Страница не найдена | Файл: C:\Users\Oleg\Downloads\OpenServer\domains\CMS1207\vendor\CMS1207\core\Router.php | Строка: 45
==============
[2020-09-16 12:45:37] Текст ошибки: Страница не найдена | Файл: C:\Users\Oleg\Downloads\OpenServer\domains\CMS1207\vendor\CMS1207\core\Router.php | Строка: 45
==============
[2020-09-16 12:45:37] Текст ошибки: Страница не найдена | Файл: C:\Users\Oleg\Downloads\OpenServer\domains\CMS1207\vendor\CMS1207\core\Router.php | Строка: 45
==============
[2020-09-16 12:45:37] Текст ошибки: Страница не найдена | Файл: C:\Users\Oleg\Downloads\OpenServer\domains\CMS1207\vendor\CMS1207\core\Router.php | Строка: 45
==============
[2020-09-16 12:45:37] Текст ошибки: Страница не найдена | Файл: C:\Users\Oleg\Downloads\OpenServer\domains\CMS1207\vendor\CMS1207\core\Router.php | Строка: 45
==============
[2020-09-16 12:45:37] Текст ошибки: Страница не найдена | Файл: C:\Users\Oleg\Downloads\OpenServer\domains\CMS1207\vendor\CMS1207\core\Router.php | Строка: 45
==============
[2020-09-16 12:45:37] Текст ошибки: Страница не найдена | Файл: C:\Users\Oleg\Downloads\OpenServer\domains\CMS1207\vendor\CMS1207\core\Router.php | Строка: 45
==============
[2020-09-16 12:45:38] Текст ошибки: Страница не найдена | Файл: C:\Users\Oleg\Downloads\OpenServer\domains\CMS1207\vendor\CMS1207\core\Router.php | Строка: 45
==============
[2020-09-16 12:45:38] Текст ошибки: Страница не найдена | Файл: C:\Users\Oleg\Downloads\OpenServer\domains\CMS1207\vendor\CMS1207\core\Router.php | Строка: 45
==============
[2020-09-16 12:45:38] Текст ошибки: Страница не найдена | Файл: C:\Users\Oleg\Downloads\OpenServer\domains\CMS1207\vendor\CMS1207\core\Router.php | Строка: 45
==============
[2020-09-16 12:45:38] Текст ошибки: Страница не найдена | Файл: C:\Users\Oleg\Downloads\OpenServer\domains\CMS1207\vendor\CMS1207\core\Router.php | Строка: 45
==============
[2020-09-16 12:45:38] Текст ошибки: Страница не найдена | Файл: C:\Users\Oleg\Downloads\OpenServer\domains\CMS1207\vendor\CMS1207\core\Router.php | Строка: 45
==============
[2020-09-16 12:45:38] Текст ошибки: Страница не найдена | Файл: C:\Users\Oleg\Downloads\OpenServer\domains\CMS1207\vendor\CMS1207\core\Router.php | Строка: 45
==============
[2020-09-16 12:45:38] Текст ошибки: Страница не найдена | Файл: C:\Users\Oleg\Downloads\OpenServer\domains\CMS1207\vendor\CMS1207\core\Router.php | Строка: 45
==============
[2020-09-16 12:45:38] Текст ошибки: Страница не найдена | Файл: C:\Users\Oleg\Downloads\OpenServer\domains\CMS1207\vendor\CMS1207\core\Router.php | Строка: 45
==============
[2020-09-16 12:45:38] Текст ошибки: Страница не найдена | Файл: C:\Users\Oleg\Downloads\OpenServer\domains\CMS1207\vendor\CMS1207\core\Router.php | Строка: 45
==============
[2020-09-16 12:45:38] Текст ошибки: Страница не найдена | Файл: C:\Users\Oleg\Downloads\OpenServer\domains\CMS1207\vendor\CMS1207\core\Router.php | Строка: 45
==============
[2020-09-16 12:45:38] Текст ошибки: Страница не найдена | Файл: C:\Users\Oleg\Downloads\OpenServer\domains\CMS1207\vendor\CMS1207\core\Router.php | Строка: 45
==============
[2020-09-16 12:45:38] Текст ошибки: Страница не найдена | Файл: C:\Users\Oleg\Downloads\OpenServer\domains\CMS1207\vendor\CMS1207\core\Router.php | Строка: 45
==============
[2020-09-16 12:45:38] Текст ошибки: Страница не найдена | Файл: C:\Users\Oleg\Downloads\OpenServer\domains\CMS1207\vendor\CMS1207\core\Router.php | Строка: 45
==============
[2020-09-16 12:45:38] Текст ошибки: Страница не найдена | Файл: C:\Users\Oleg\Downloads\OpenServer\domains\CMS1207\vendor\CMS1207\core\Router.php | Строка: 45
==============
[2020-09-16 12:45:38] Текст ошибки: Страница не найдена | Файл: C:\Users\Oleg\Downloads\OpenServer\domains\CMS1207\vendor\CMS1207\core\Router.php | Строка: 45
==============
[2020-09-16 12:45:38] Текст ошибки: Страница не найдена | Файл: C:\Users\Oleg\Downloads\OpenServer\domains\CMS1207\vendor\CMS1207\core\Router.php | Строка: 45
==============
[2020-09-16 12:45:38] Текст ошибки: Страница не найдена | Файл: C:\Users\Oleg\Downloads\OpenServer\domains\CMS1207\vendor\CMS1207\core\Router.php | Строка: 45
==============
[2020-09-16 12:45:38] Текст ошибки: Страница не найдена | Файл: C:\Users\Oleg\Downloads\OpenServer\domains\CMS1207\vendor\CMS1207\core\Router.php | Строка: 45
==============
[2020-09-16 12:45:38] Текст ошибки: Страница не найдена | Файл: C:\Users\Oleg\Downloads\OpenServer\domains\CMS1207\vendor\CMS1207\core\Router.php | Строка: 45
==============
[2020-09-16 12:45:38] Текст ошибки: Страница не найдена | Файл: C:\Users\Oleg\Downloads\OpenServer\domains\CMS1207\vendor\CMS1207\core\Router.php | Строка: 45
==============
[2020-09-16 12:45:38] Текст ошибки: Страница не найдена | Файл: C:\Users\Oleg\Downloads\OpenServer\domains\CMS1207\vendor\CMS1207\core\Router.php | Строка: 45
==============
[2020-09-16 12:45:38] Текст ошибки: Страница не найдена | Файл: C:\Users\Oleg\Downloads\OpenServer\domains\CMS1207\vendor\CMS1207\core\Router.php | Строка: 45
==============
[2020-09-16 12:45:38] Текст ошибки: Страница не найдена | Файл: C:\Users\Oleg\Downloads\OpenServer\domains\CMS1207\vendor\CMS1207\core\Router.php | Строка: 45
==============
[2020-09-16 12:45:38] Текст ошибки: Страница не найдена | Файл: C:\Users\Oleg\Downloads\OpenServer\domains\CMS1207\vendor\CMS1207\core\Router.php | Строка: 45
==============
[2020-09-16 12:45:39] Текст ошибки: Страница не найдена | Файл: C:\Users\Oleg\Downloads\OpenServer\domains\CMS1207\vendor\CMS1207\core\Router.php | Строка: 45
==============
[2020-09-16 12:45:39] Текст ошибки: Страница не найдена | Файл: C:\Users\Oleg\Downloads\OpenServer\domains\CMS1207\vendor\CMS1207\core\Router.php | Строка: 45
==============
[2020-09-16 12:45:39] Текст ошибки: Страница не найдена | Файл: C:\Users\Oleg\Downloads\OpenServer\domains\CMS1207\vendor\CMS1207\core\Router.php | Строка: 45
==============
[2020-09-16 12:45:39] Текст ошибки: Страница не найдена | Файл: C:\Users\Oleg\Downloads\OpenServer\domains\CMS1207\vendor\CMS1207\core\Router.php | Строка: 45
==============
[2020-09-16 12:45:39] Текст ошибки: Страница не найдена | Файл: C:\Users\Oleg\Downloads\OpenServer\domains\CMS1207\vendor\CMS1207\core\Router.php | Строка: 45
==============
[2020-09-16 12:45:39] Текст ошибки: Страница не найдена | Файл: C:\Users\Oleg\Downloads\OpenServer\domains\CMS1207\vendor\CMS1207\core\Router.php | Строка: 45
==============
[2020-09-16 12:45:39] Текст ошибки: Страница не найдена | Файл: C:\Users\Oleg\Downloads\OpenServer\domains\CMS1207\vendor\CMS1207\core\Router.php | Строка: 45
==============
[2020-09-16 12:45:39] Текст ошибки: Страница не найдена | Файл: C:\Users\Oleg\Downloads\OpenServer\domains\CMS1207\vendor\CMS1207\core\Router.php | Строка: 45
==============
[2020-09-16 12:45:39] Текст ошибки: Страница не найдена | Файл: C:\Users\Oleg\Downloads\OpenServer\domains\CMS1207\vendor\CMS1207\core\Router.php | Строка: 45
==============
[2020-09-16 12:45:39] Текст ошибки: Страница не найдена | Файл: C:\Users\Oleg\Downloads\OpenServer\domains\CMS1207\vendor\CMS1207\core\Router.php | Строка: 45
==============
[2020-09-16 12:45:39] Текст ошибки: Страница не найдена | Файл: C:\Users\Oleg\Downloads\OpenServer\domains\CMS1207\vendor\CMS1207\core\Router.php | Строка: 45
==============
[2020-09-16 12:45:39] Текст ошибки: Страница не найдена | Файл: C:\Users\Oleg\Downloads\OpenServer\domains\CMS1207\vendor\CMS1207\core\Router.php | Строка: 45
==============
[2020-09-16 12:45:39] Текст ошибки: Страница не найдена | Файл: C:\Users\Oleg\Downloads\OpenServer\domains\CMS1207\vendor\CMS1207\core\Router.php | Строка: 45
==============
[2020-09-16 12:45:39] Текст ошибки: Страница не найдена | Файл: C:\Users\Oleg\Downloads\OpenServer\domains\CMS1207\vendor\CMS1207\core\Router.php | Строка: 45
==============
[2020-09-16 12:45:39] Текст ошибки: Страница не найдена | Файл: C:\Users\Oleg\Downloads\OpenServer\domains\CMS1207\vendor\CMS1207\core\Router.php | Строка: 45
==============
[2020-09-16 12:45:39] Текст ошибки: Страница не найдена | Файл: C:\Users\Oleg\Downloads\OpenServer\domains\CMS1207\vendor\CMS1207\core\Router.php | Строка: 45
==============
[2020-09-16 12:45:40] Текст ошибки: Страница не найдена | Файл: C:\Users\Oleg\Downloads\OpenServer\domains\CMS1207\vendor\CMS1207\core\Router.php | Строка: 45
==============
[2020-09-16 12:45:40] Текст ошибки: Страница не найдена | Файл: C:\Users\Oleg\Downloads\OpenServer\domains\CMS1207\vendor\CMS1207\core\Router.php | Строка: 45
==============
[2020-09-16 12:45:40] Текст ошибки: Страница не найдена | Файл: C:\Users\Oleg\Downloads\OpenServer\domains\CMS1207\vendor\CMS1207\core\Router.php | Строка: 45
==============
[2020-09-16 12:45:40] Текст ошибки: Страница не найдена | Файл: C:\Users\Oleg\Downloads\OpenServer\domains\CMS1207\vendor\CMS1207\core\Router.php | Строка: 45
==============
[2020-09-16 12:45:40] Текст ошибки: Страница не найдена | Файл: C:\Users\Oleg\Downloads\OpenServer\domains\CMS1207\vendor\CMS1207\core\Router.php | Строка: 45
==============
[2020-09-16 12:45:40] Текст ошибки: Страница не найдена | Файл: C:\Users\Oleg\Downloads\OpenServer\domains\CMS1207\vendor\CMS1207\core\Router.php | Строка: 45
==============
[2020-09-16 12:45:40] Текст ошибки: Страница не найдена | Файл: C:\Users\Oleg\Downloads\OpenServer\domains\CMS1207\vendor\CMS1207\core\Router.php | Строка: 45
==============
[2020-09-16 12:45:40] Текст ошибки: Страница не найдена | Файл: C:\Users\Oleg\Downloads\OpenServer\domains\CMS1207\vendor\CMS1207\core\Router.php | Строка: 45
==============
[2020-09-16 12:45:40] Текст ошибки: Страница не найдена | Файл: C:\Users\Oleg\Downloads\OpenServer\domains\CMS1207\vendor\CMS1207\core\Router.php | Строка: 45
==============
[2020-09-16 12:45:45] Текст ошибки: Страница не найдена | Файл: C:\Users\Oleg\Downloads\OpenServer\domains\CMS1207\vendor\CMS1207\core\Router.php | Строка: 45
==============
[2020-09-16 12:45:45] Текст ошибки: Страница не найдена | Файл: C:\Users\Oleg\Downloads\OpenServer\domains\CMS1207\vendor\CMS1207\core\Router.php | Строка: 45
==============
[2020-09-16 12:45:45] Текст ошибки: Страница не найдена | Файл: C:\Users\Oleg\Downloads\OpenServer\domains\CMS1207\vendor\CMS1207\core\Router.php | Строка: 45
==============
[2020-09-16 12:45:45] Текст ошибки: Страница не найдена | Файл: C:\Users\Oleg\Downloads\OpenServer\domains\CMS1207\vendor\CMS1207\core\Router.php | Строка: 45
==============
[2020-09-16 12:45:45] Текст ошибки: Страница не найдена | Файл: C:\Users\Oleg\Downloads\OpenServer\domains\CMS1207\vendor\CMS1207\core\Router.php | Строка: 45
==============
[2020-09-16 12:45:45] Текст ошибки: Страница не найдена | Файл: C:\Users\Oleg\Downloads\OpenServer\domains\CMS1207\vendor\CMS1207\core\Router.php | Строка: 45
==============
[2020-09-16 12:45:46] Текст ошибки: Страница не найдена | Файл: C:\Users\Oleg\Downloads\OpenServer\domains\CMS1207\vendor\CMS1207\core\Router.php | Строка: 45
==============
[2020-09-16 12:45:46] Текст ошибки: Страница не найдена | Файл: C:\Users\Oleg\Downloads\OpenServer\domains\CMS1207\vendor\CMS1207\core\Router.php | Строка: 45
==============
[2020-09-16 12:45:46] Текст ошибки: Страница не найдена | Файл: C:\Users\Oleg\Downloads\OpenServer\domains\CMS1207\vendor\CMS1207\core\Router.php | Строка: 45
==============
[2020-09-16 12:45:46] Текст ошибки: Страница не найдена | Файл: C:\Users\Oleg\Downloads\OpenServer\domains\CMS1207\vendor\CMS1207\core\Router.php | Строка: 45
==============
[2020-09-16 12:45:46] Текст ошибки: Страница не найдена | Файл: C:\Users\Oleg\Downloads\OpenServer\domains\CMS1207\vendor\CMS1207\core\Router.php | Строка: 45
==============
[2020-09-16 12:45:46] Текст ошибки: Страница не найдена | Файл: C:\Users\Oleg\Downloads\OpenServer\domains\CMS1207\vendor\CMS1207\core\Router.php | Строка: 45
==============
[2020-09-16 12:45:46] Текст ошибки: Страница не найдена | Файл: C:\Users\Oleg\Downloads\OpenServer\domains\CMS1207\vendor\CMS1207\core\Router.php | Строка: 45
==============
[2020-09-16 12:45:46] Текст ошибки: Страница не найдена | Файл: C:\Users\Oleg\Downloads\OpenServer\domains\CMS1207\vendor\CMS1207\core\Router.php | Строка: 45
==============
[2020-09-16 12:45:46] Текст ошибки: Страница не найдена | Файл: C:\Users\Oleg\Downloads\OpenServer\domains\CMS1207\vendor\CMS1207\core\Router.php | Строка: 45
==============
[2020-09-16 12:45:46] Текст ошибки: Страница не найдена | Файл: C:\Users\Oleg\Downloads\OpenServer\domains\CMS1207\vendor\CMS1207\core\Router.php | Строка: 45
==============
[2020-09-16 12:45:47] Текст ошибки: Страница не найдена | Файл: C:\Users\Oleg\Downloads\OpenServer\domains\CMS1207\vendor\CMS1207\core\Router.php | Строка: 45
==============
[2020-09-16 12:45:47] Текст ошибки: Страница не найдена | Файл: C:\Users\Oleg\Downloads\OpenServer\domains\CMS1207\vendor\CMS1207\core\Router.php | Строка: 45
==============
[2020-09-16 12:45:47] Текст ошибки: Страница не найдена | Файл: C:\Users\Oleg\Downloads\OpenServer\domains\CMS1207\vendor\CMS1207\core\Router.php | Строка: 45
==============
[2020-09-16 12:45:47] Текст ошибки: Страница не найдена | Файл: C:\Users\Oleg\Downloads\OpenServer\domains\CMS1207\vendor\CMS1207\core\Router.php | Строка: 45
==============
[2020-09-16 12:45:47] Текст ошибки: Страница не найдена | Файл: C:\Users\Oleg\Downloads\OpenServer\domains\CMS1207\vendor\CMS1207\core\Router.php | Строка: 45
==============
[2020-09-16 12:45:47] Текст ошибки: Страница не найдена | Файл: C:\Users\Oleg\Downloads\OpenServer\domains\CMS1207\vendor\CMS1207\core\Router.php | Строка: 45
==============
[2020-09-16 12:45:48] Текст ошибки: Страница не найдена | Файл: C:\Users\Oleg\Downloads\OpenServer\domains\CMS1207\vendor\CMS1207\core\Router.php | Строка: 45
==============
[2020-09-16 12:45:48] Текст ошибки: Страница не найдена | Файл: C:\Users\Oleg\Downloads\OpenServer\domains\CMS1207\vendor\CMS1207\core\Router.php | Строка: 45
==============
[2020-09-16 12:45:48] Текст ошибки: Страница не найдена | Файл: C:\Users\Oleg\Downloads\OpenServer\domains\CMS1207\vendor\CMS1207\core\Router.php | Строка: 45
==============
[2020-09-16 12:45:48] Текст ошибки: Страница не найдена | Файл: C:\Users\Oleg\Downloads\OpenServer\domains\CMS1207\vendor\CMS1207\core\Router.php | Строка: 45
==============
[2020-09-16 12:45:48] Текст ошибки: Страница не найдена | Файл: C:\Users\Oleg\Downloads\OpenServer\domains\CMS1207\vendor\CMS1207\core\Router.php | Строка: 45
==============
[2020-09-16 12:45:48] Текст ошибки: Страница не найдена | Файл: C:\Users\Oleg\Downloads\OpenServer\domains\CMS1207\vendor\CMS1207\core\Router.php | Строка: 45
==============
[2020-09-16 12:45:48] Текст ошибки: Страница не найдена | Файл: C:\Users\Oleg\Downloads\OpenServer\domains\CMS1207\vendor\CMS1207\core\Router.php | Строка: 45
==============
[2020-09-16 12:45:48] Текст ошибки: Страница не найдена | Файл: C:\Users\Oleg\Downloads\OpenServer\domains\CMS1207\vendor\CMS1207\core\Router.php | Строка: 45
==============
[2020-09-16 12:45:48] Текст ошибки: Страница не найдена | Файл: C:\Users\Oleg\Downloads\OpenServer\domains\CMS1207\vendor\CMS1207\core\Router.php | Строка: 45
==============
[2020-09-16 12:45:48] Текст ошибки: Страница не найдена | Файл: C:\Users\Oleg\Downloads\OpenServer\domains\CMS1207\vendor\CMS1207\core\Router.php | Строка: 45
==============
[2020-09-16 12:45:48] Текст ошибки: Страница не найдена | Файл: C:\Users\Oleg\Downloads\OpenServer\domains\CMS1207\vendor\CMS1207\core\Router.php | Строка: 45
==============
[2020-09-16 12:45:48] Текст ошибки: Страница не найдена | Файл: C:\Users\Oleg\Downloads\OpenServer\domains\CMS1207\vendor\CMS1207\core\Router.php | Строка: 45
==============
[2020-09-16 12:45:48] Текст ошибки: Страница не найдена | Файл: C:\Users\Oleg\Downloads\OpenServer\domains\CMS1207\vendor\CMS1207\core\Router.php | Строка: 45
==============
[2020-09-16 12:45:48] Текст ошибки: Страница не найдена | Файл: C:\Users\Oleg\Downloads\OpenServer\domains\CMS1207\vendor\CMS1207\core\Router.php | Строка: 45
==============
[2020-09-16 12:45:48] Текст ошибки: Страница не найдена | Файл: C:\Users\Oleg\Downloads\OpenServer\domains\CMS1207\vendor\CMS1207\core\Router.php | Строка: 45
==============
[2020-09-16 12:45:48] Текст ошибки: Страница не найдена | Файл: C:\Users\Oleg\Downloads\OpenServer\domains\CMS1207\vendor\CMS1207\core\Router.php | Строка: 45
==============
[2020-09-16 12:45:48] Текст ошибки: Страница не найдена | Файл: C:\Users\Oleg\Downloads\OpenServer\domains\CMS1207\vendor\CMS1207\core\Router.php | Строка: 45
==============
[2020-09-16 12:45:48] Текст ошибки: Страница не найдена | Файл: C:\Users\Oleg\Downloads\OpenServer\domains\CMS1207\vendor\CMS1207\core\Router.php | Строка: 45
==============
[2020-09-16 12:45:49] Текст ошибки: Страница не найдена | Файл: C:\Users\Oleg\Downloads\OpenServer\domains\CMS1207\vendor\CMS1207\core\Router.php | Строка: 45
==============
[2020-09-16 12:45:49] Текст ошибки: Страница не найдена | Файл: C:\Users\Oleg\Downloads\OpenServer\domains\CMS1207\vendor\CMS1207\core\Router.php | Строка: 45
==============
[2020-09-16 12:45:49] Текст ошибки: Страница не найдена | Файл: C:\Users\Oleg\Downloads\OpenServer\domains\CMS1207\vendor\CMS1207\core\Router.php | Строка: 45
==============
[2020-09-16 12:45:49] Текст ошибки: Страница не найдена | Файл: C:\Users\Oleg\Downloads\OpenServer\domains\CMS1207\vendor\CMS1207\core\Router.php | Строка: 45
==============
[2020-09-16 12:45:49] Текст ошибки: Страница не найдена | Файл: C:\Users\Oleg\Downloads\OpenServer\domains\CMS1207\vendor\CMS1207\core\Router.php | Строка: 45
==============
[2020-09-16 12:45:49] Текст ошибки: Страница не найдена | Файл: C:\Users\Oleg\Downloads\OpenServer\domains\CMS1207\vendor\CMS1207\core\Router.php | Строка: 45
==============
[2020-09-16 12:45:49] Текст ошибки: Страница не найдена | Файл: C:\Users\Oleg\Downloads\OpenServer\domains\CMS1207\vendor\CMS1207\core\Router.php | Строка: 45
==============
[2020-09-16 12:45:49] Текст ошибки: Страница не найдена | Файл: C:\Users\Oleg\Downloads\OpenServer\domains\CMS1207\vendor\CMS1207\core\Router.php | Строка: 45
==============
[2020-09-16 12:45:49] Текст ошибки: Страница не найдена | Файл: C:\Users\Oleg\Downloads\OpenServer\domains\CMS1207\vendor\CMS1207\core\Router.php | Строка: 45
==============
[2020-09-16 12:45:49] Текст ошибки: Страница не найдена | Файл: C:\Users\Oleg\Downloads\OpenServer\domains\CMS1207\vendor\CMS1207\core\Router.php | Строка: 45
==============
[2020-09-16 12:45:49] Текст ошибки: Страница не найдена | Файл: C:\Users\Oleg\Downloads\OpenServer\domains\CMS1207\vendor\CMS1207\core\Router.php | Строка: 45
==============
[2020-09-16 12:45:49] Текст ошибки: Страница не найдена | Файл: C:\Users\Oleg\Downloads\OpenServer\domains\CMS1207\vendor\CMS1207\core\Router.php | Строка: 45
==============
[2020-09-16 12:45:49] Текст ошибки: Страница не найдена | Файл: C:\Users\Oleg\Downloads\OpenServer\domains\CMS1207\vendor\CMS1207\core\Router.php | Строка: 45
==============
[2020-09-16 12:45:49] Текст ошибки: Страница не найдена | Файл: C:\Users\Oleg\Downloads\OpenServer\domains\CMS1207\vendor\CMS1207\core\Router.php | Строка: 45
==============
[2020-09-16 12:45:49] Текст ошибки: Страница не найдена | Файл: C:\Users\Oleg\Downloads\OpenServer\domains\CMS1207\vendor\CMS1207\core\Router.php | Строка: 45
==============
[2020-09-16 12:45:49] Текст ошибки: Страница не найдена | Файл: C:\Users\Oleg\Downloads\OpenServer\domains\CMS1207\vendor\CMS1207\core\Router.php | Строка: 45
==============
[2020-09-16 12:45:49] Текст ошибки: Страница не найдена | Файл: C:\Users\Oleg\Downloads\OpenServer\domains\CMS1207\vendor\CMS1207\core\Router.php | Строка: 45
==============
[2020-09-16 12:45:49] Текст ошибки: Страница не найдена | Файл: C:\Users\Oleg\Downloads\OpenServer\domains\CMS1207\vendor\CMS1207\core\Router.php | Строка: 45
==============
[2020-09-16 12:45:50] Текст ошибки: Страница не найдена | Файл: C:\Users\Oleg\Downloads\OpenServer\domains\CMS1207\vendor\CMS1207\core\Router.php | Строка: 45
==============
[2020-09-16 12:45:50] Текст ошибки: Страница не найдена | Файл: C:\Users\Oleg\Downloads\OpenServer\domains\CMS1207\vendor\CMS1207\core\Router.php | Строка: 45
==============
[2020-09-16 12:45:50] Текст ошибки: Страница не найдена | Файл: C:\Users\Oleg\Downloads\OpenServer\domains\CMS1207\vendor\CMS1207\core\Router.php | Строка: 45
==============
[2020-09-16 12:45:50] Текст ошибки: Страница не найдена | Файл: C:\Users\Oleg\Downloads\OpenServer\domains\CMS1207\vendor\CMS1207\core\Router.php | Строка: 45
==============
[2020-09-16 12:45:50] Текст ошибки: Страница не найдена | Файл: C:\Users\Oleg\Downloads\OpenServer\domains\CMS1207\vendor\CMS1207\core\Router.php | Строка: 45
==============
[2020-09-16 13:04:09] Текст ошибки: Страница не найдена | Файл: C:\Users\Oleg\Downloads\OpenServer\domains\CMS1207\vendor\CMS1207\core\Router.php | Строка: 45
==============
[2020-09-16 13:04:25] Текст ошибки: Страница не найдена | Файл: C:\Users\Oleg\Downloads\OpenServer\domains\CMS1207\vendor\CMS1207\core\Router.php | Строка: 45
==============
[2020-09-16 13:04:39] Текст ошибки: Страница не найдена | Файл: C:\Users\Oleg\Downloads\OpenServer\domains\CMS1207\vendor\CMS1207\core\Router.php | Строка: 45
==============
[2020-09-16 13:05:01] Текст ошибки: Страница не найдена | Файл: C:\Users\Oleg\Downloads\OpenServer\domains\CMS1207\vendor\CMS1207\core\Router.php | Строка: 45
==============
[2020-09-16 13:05:06] Текст ошибки: Страница не найдена | Файл: C:\Users\Oleg\Downloads\OpenServer\domains\CMS1207\vendor\CMS1207\core\Router.php | Строка: 45
==============
[2020-09-16 13:06:24] Текст ошибки: Страница не найдена | Файл: C:\Users\Oleg\Downloads\OpenServer\domains\CMS1207\vendor\CMS1207\core\Router.php | Строка: 45
==============
[2020-09-16 13:07:06] Текст ошибки: Страница не найдена | Файл: C:\Users\Oleg\Downloads\OpenServer\domains\CMS1207\vendor\CMS1207\core\Router.php | Строка: 45
==============
[2020-09-16 13:28:29] Текст ошибки: Страница не найдена | Файл: C:\Users\Oleg\Downloads\OpenServer\domains\CMS1207\vendor\CMS1207\core\Router.php | Строка: 45
==============
[2020-09-16 13:28:42] Текст ошибки: Страница не найдена | Файл: C:\Users\Oleg\Downloads\OpenServer\domains\CMS1207\vendor\CMS1207\core\Router.php | Строка: 45
==============
[2020-09-16 13:30:56] Текст ошибки: Страница не найдена | Файл: C:\Users\Oleg\Downloads\OpenServer\domains\CMS1207\vendor\CMS1207\core\Router.php | Строка: 45
==============
[2020-09-16 13:31:15] Текст ошибки: Страница не найдена | Файл: C:\Users\Oleg\Downloads\OpenServer\domains\CMS1207\vendor\CMS1207\core\Router.php | Строка: 45
==============
[2020-09-16 13:31:19] Текст ошибки: Страница не найдена | Файл: C:\Users\Oleg\Downloads\OpenServer\domains\CMS1207\vendor\CMS1207\core\Router.php | Строка: 45
==============
[2020-09-16 13:31:55] Текст ошибки: Страница не найдена | Файл: C:\Users\Oleg\Downloads\OpenServer\domains\CMS1207\vendor\CMS1207\core\Router.php | Строка: 45
==============
[2020-09-16 13:32:35] Текст ошибки: Страница не найдена | Файл: C:\Users\Oleg\Downloads\OpenServer\domains\CMS1207\vendor\CMS1207\core\Router.php | Строка: 45
==============
[2020-09-16 13:32:54] Текст ошибки: Страница не найдена | Файл: C:\Users\Oleg\Downloads\OpenServer\domains\CMS1207\vendor\CMS1207\core\Router.php | Строка: 45
==============
[2020-09-16 13:38:25] Текст ошибки: Страница не найдена | Файл: C:\Users\Oleg\Downloads\OpenServer\domains\CMS1207\vendor\CMS1207\core\Router.php | Строка: 45
==============
[2020-09-16 13:38:26] Текст ошибки: Страница не найдена | Файл: C:\Users\Oleg\Downloads\OpenServer\domains\CMS1207\vendor\CMS1207\core\Router.php | Строка: 45
==============
[2020-09-16 13:39:28] Текст ошибки: Страница не найдена | Файл: C:\Users\Oleg\Downloads\OpenServer\domains\CMS1207\vendor\CMS1207\core\Router.php | Строка: 45
==============
[2020-09-16 16:01:04] Текст ошибки: Нет соединения с БД | Файл: C:\Users\Oleg\Downloads\OpenServer\domains\CMS1207\vendor\CMS1207\core\Db.php | Строка: 17
==============
[2020-09-16 16:20:19] Текст ошибки: Страница не найдена | Файл: C:\Users\Oleg\Downloads\OpenServer\domains\CMS1207\vendor\CMS1207\core\Router.php | Строка: 45
==============
[2020-09-16 16:37:13] Текст ошибки: SQLSTATE[42S02]: Base table or view not found: 1146 Table 'cms1207.brands' doesn't exist | Файл: C:\Users\Oleg\Downloads\OpenServer\domains\CMS1207\vendor\gabordemooij\redbean\RedBeanPHP\Driver\RPDO.php | Строка: 202
==============
[2020-09-16 16:37:14] Текст ошибки: SQLSTATE[42S02]: Base table or view not found: 1146 Table 'cms1207.brands' doesn't exist | Файл: C:\Users\Oleg\Downloads\OpenServer\domains\CMS1207\vendor\gabordemooij\redbean\RedBeanPHP\Driver\RPDO.php | Строка: 202
==============
[2020-09-16 16:38:27] Текст ошибки: Страница не найдена | Файл: C:\Users\Oleg\Downloads\OpenServer\domains\CMS1207\vendor\CMS1207\core\Router.php | Строка: 45
==============
[2020-09-16 16:40:13] Текст ошибки: Страница не найдена | Файл: C:\Users\Oleg\Downloads\OpenServer\domains\CMS1207\vendor\CMS1207\core\Router.php | Строка: 45
==============
[2020-09-16 16:58:07] Текст ошибки: Страница не найдена | Файл: C:\Users\Oleg\Downloads\OpenServer\domains\CMS1207\vendor\CMS1207\core\Router.php | Строка: 45
==============
[2020-09-16 16:59:01] Текст ошибки: Страница не найдена | Файл: C:\Users\Oleg\Downloads\OpenServer\domains\CMS1207\vendor\CMS1207\core\Router.php | Строка: 45
==============
[2020-09-16 17:00:11] Текст ошибки: syntax error, unexpected 'return' (T_RETURN) | Файл: C:\Users\Oleg\Downloads\OpenServer\domains\CMS1207\app\views\Main\index.php | Строка: 66
==============
[2020-09-16 17:00:55] Текст ошибки: Страница не найдена | Файл: C:\Users\Oleg\Downloads\OpenServer\domains\CMS1207\vendor\CMS1207\core\Router.php | Строка: 45
==============
[2020-09-16 17:01:02] Текст ошибки: Страница не найдена | Файл: C:\Users\Oleg\Downloads\OpenServer\domains\CMS1207\vendor\CMS1207\core\Router.php | Строка: 45
==============
[2020-09-16 17:01:02] Текст ошибки: Страница не найдена | Файл: C:\Users\Oleg\Downloads\OpenServer\domains\CMS1207\vendor\CMS1207\core\Router.php | Строка: 45
==============
[2020-09-16 17:01:06] Текст ошибки: Страница не найдена | Файл: C:\Users\Oleg\Downloads\OpenServer\domains\CMS1207\vendor\CMS1207\core\Router.php | Строка: 45
==============
[2020-09-16 17:01:13] Текст ошибки: Страница не найдена | Файл: C:\Users\Oleg\Downloads\OpenServer\domains\CMS1207\vendor\CMS1207\core\Router.php | Строка: 45
==============
[2020-09-16 17:01:15] Текст ошибки: Страница не найдена | Файл: C:\Users\Oleg\Downloads\OpenServer\domains\CMS1207\vendor\CMS1207\core\Router.php | Строка: 45
==============
[2020-09-16 17:01:17] Текст ошибки: Страница не найдена | Файл: C:\Users\Oleg\Downloads\OpenServer\domains\CMS1207\vendor\CMS1207\core\Router.php | Строка: 45
==============
[2020-09-16 17:01:19] Текст ошибки: Страница не найдена | Файл: C:\Users\Oleg\Downloads\OpenServer\domains\CMS1207\vendor\CMS1207\core\Router.php | Строка: 45
==============
[2020-09-16 17:01:24] Текст ошибки: Страница не найдена | Файл: C:\Users\Oleg\Downloads\OpenServer\domains\CMS1207\vendor\CMS1207\core\Router.php | Строка: 45
==============
[2020-09-16 17:01:25] Текст ошибки: Страница не найдена | Файл: C:\Users\Oleg\Downloads\OpenServer\domains\CMS1207\vendor\CMS1207\core\Router.php | Строка: 45
==============
[2020-09-16 17:01:34] Текст ошибки: Страница не найдена | Файл: C:\Users\Oleg\Downloads\OpenServer\domains\CMS1207\vendor\CMS1207\core\Router.php | Строка: 45
==============
[2020-09-16 17:01:54] Текст ошибки: Страница не найдена | Файл: C:\Users\Oleg\Downloads\OpenServer\domains\CMS1207\vendor\CMS1207\core\Router.php | Строка: 45
==============
[2020-09-16 17:01:56] Текст ошибки: Страница не найдена | Файл: C:\Users\Oleg\Downloads\OpenServer\domains\CMS1207\vendor\CMS1207\core\Router.php | Строка: 45
==============
[2020-09-16 17:02:46] Текст ошибки: Страница не найдена | Файл: C:\Users\Oleg\Downloads\OpenServer\domains\CMS1207\vendor\CMS1207\core\Router.php | Строка: 45
==============
[2020-09-16 17:03:58] Текст ошибки: Страница не найдена | Файл: C:\Users\Oleg\Downloads\OpenServer\domains\CMS1207\vendor\CMS1207\core\Router.php | Строка: 45
==============
[2020-09-16 17:04:07] Текст ошибки: Страница не найдена | Файл: C:\Users\Oleg\Downloads\OpenServer\domains\CMS1207\vendor\CMS1207\core\Router.php | Строка: 45
==============
[2020-09-16 17:04:18] Текст ошибки: Страница не найдена | Файл: C:\Users\Oleg\Downloads\OpenServer\domains\CMS1207\vendor\CMS1207\core\Router.php | Строка: 45
==============
[2020-09-16 17:04:21] Текст ошибки: Страница не найдена | Файл: C:\Users\Oleg\Downloads\OpenServer\domains\CMS1207\vendor\CMS1207\core\Router.php | Строка: 45
==============
[2020-09-16 17:04:31] Текст ошибки: Страница не найдена | Файл: C:\Users\Oleg\Downloads\OpenServer\domains\CMS1207\vendor\CMS1207\core\Router.php | Строка: 45
==============
[2020-09-16 17:12:05] Текст ошибки: Страница не найдена | Файл: C:\Users\Oleg\Downloads\OpenServer\domains\CMS1207\vendor\CMS1207\core\Router.php | Строка: 45
==============
[2020-09-16 17:12:21] Текст ошибки: Страница не найдена | Файл: C:\Users\Oleg\Downloads\OpenServer\domains\CMS1207\vendor\CMS1207\core\Router.php | Строка: 45
==============
[2020-09-16 17:12:26] Текст ошибки: Страница не найдена | Файл: C:\Users\Oleg\Downloads\OpenServer\domains\CMS1207\vendor\CMS1207\core\Router.php | Строка: 45
==============
[2020-09-16 17:22:28] Текст ошибки: Страница не найдена | Файл: C:\Users\Oleg\Downloads\OpenServer\domains\CMS1207\vendor\CMS1207\core\Router.php | Строка: 45
==============
[2020-09-16 17:23:22] Текст ошибки: Страница не найдена | Файл: C:\Users\Oleg\Downloads\OpenServer\domains\CMS1207\vendor\CMS1207\core\Router.php | Строка: 45
==============
[2020-09-16 17:23:25] Текст ошибки: Страница не найдена | Файл: C:\Users\Oleg\Downloads\OpenServer\domains\CMS1207\vendor\CMS1207\core\Router.php | Строка: 45
==============
[2020-09-16 17:24:43] Текст ошибки: Страница не найдена | Файл: C:\Users\Oleg\Downloads\OpenServer\domains\CMS1207\vendor\CMS1207\core\Router.php | Строка: 45
==============
[2020-09-16 17:25:10] Текст ошибки: Страница не найдена | Файл: C:\Users\Oleg\Downloads\OpenServer\domains\CMS1207\vendor\CMS1207\core\Router.php | Строка: 45
==============
[2020-09-16 17:46:04] Текст ошибки: Страница не найдена | Файл: C:\Users\Oleg\Downloads\OpenServer\domains\CMS1207\vendor\CMS1207\core\Router.php | Строка: 45
==============
[2020-09-16 17:50:13] Текст ошибки: Страница не найдена | Файл: C:\Users\Oleg\Downloads\OpenServer\domains\CMS1207\vendor\CMS1207\core\Router.php | Строка: 45
==============
[2020-09-17 14:42:37] Текст ошибки: Страница не найдена | Файл: C:\Users\Oleg\Downloads\OpenServer\domains\CMS1207\vendor\CMS1207\core\Router.php | Строка: 45
==============
[2020-09-17 14:55:06] Текст ошибки: Страница не найдена | Файл: C:\Users\Oleg\Downloads\OpenServer\domains\CMS1207\vendor\CMS1207\core\Router.php | Строка: 45
==============
[2020-09-17 14:56:56] Текст ошибки: Страница не найдена | Файл: C:\Users\Oleg\Downloads\OpenServer\domains\CMS1207\vendor\CMS1207\core\Router.php | Строка: 45
==============
[2020-09-17 14:57:02] Текст ошибки: Страница не найдена | Файл: C:\Users\Oleg\Downloads\OpenServer\domains\CMS1207\vendor\CMS1207\core\Router.php | Строка: 45
==============
[2020-09-17 15:11:28] Текст ошибки: Страница не найдена | Файл: C:\Users\Oleg\Downloads\OpenServer\domains\CMS1207\vendor\CMS1207\core\Router.php | Строка: 45
==============
[2020-09-17 15:11:42] Текст ошибки: Class 'R' not found | Файл: C:\Users\Oleg\Downloads\OpenServer\domains\CMS1207\app\controllers\CurrencyController.php | Строка: 12
==============
[2020-09-17 15:12:37] Текст ошибки: Страница не найдена | Файл: C:\Users\Oleg\Downloads\OpenServer\domains\CMS1207\vendor\CMS1207\core\Router.php | Строка: 45
==============
[2020-09-17 15:16:53] Текст ошибки: Метод app\controllers\CurrencyController::indexAction не найден | Файл: C:\Users\Oleg\Downloads\OpenServer\domains\CMS1207\vendor\CMS1207\core\Router.php | Строка: 39
==============
[2020-09-17 15:16:58] Текст ошибки: Страница не найдена | Файл: C:\Users\Oleg\Downloads\OpenServer\domains\CMS1207\vendor\CMS1207\core\Router.php | Строка: 45
==============
[2020-09-17 15:17:11] Текст ошибки: Страница не найдена | Файл: C:\Users\Oleg\Downloads\OpenServer\domains\CMS1207\vendor\CMS1207\core\Router.php | Строка: 45
==============
[2020-09-17 15:17:16] Текст ошибки: Страница не найдена | Файл: C:\Users\Oleg\Downloads\OpenServer\domains\CMS1207\vendor\CMS1207\core\Router.php | Строка: 45
==============
[2020-09-17 15:37:55] Текст ошибки: Страница не найдена | Файл: C:\Users\Oleg\Downloads\OpenServer\domains\CMS1207\vendor\CMS1207\core\Router.php | Строка: 45
==============
[2020-09-17 15:39:34] Текст ошибки: Страница не найдена | Файл: C:\Users\Oleg\Downloads\OpenServer\domains\CMS1207\vendor\CMS1207\core\Router.php | Строка: 45
==============
[2020-09-17 15:39:35] Текст ошибки: Страница не найдена | Файл: C:\Users\Oleg\Downloads\OpenServer\domains\CMS1207\vendor\CMS1207\core\Router.php | Строка: 45
==============
[2020-09-17 15:39:38] Текст ошибки: Страница не найдена | Файл: C:\Users\Oleg\Downloads\OpenServer\domains\CMS1207\vendor\CMS1207\core\Router.php | Строка: 45
==============
[2020-09-17 15:40:07] Текст ошибки: Страница не найдена | Файл: C:\Users\Oleg\Downloads\OpenServer\domains\CMS1207\vendor\CMS1207\core\Router.php | Строка: 45
==============
[2020-09-17 15:48:32] Текст ошибки: Страница не найдена | Файл: C:\Users\Oleg\Downloads\OpenServer\domains\CMS1207\vendor\CMS1207\core\Router.php | Строка: 45
==============
[2020-09-17 15:48:45] Текст ошибки: Страница не найдена | Файл: C:\Users\Oleg\Downloads\OpenServer\domains\CMS1207\vendor\CMS1207\core\Router.php | Строка: 45
==============
[2020-09-17 15:50:50] Текст ошибки: Страница не найдена | Файл: C:\Users\Oleg\Downloads\OpenServer\domains\CMS1207\vendor\CMS1207\core\Router.php | Строка: 41
==============
[2020-09-17 15:51:04] Текст ошибки: Страница не найдена | Файл: C:\Users\Oleg\Downloads\OpenServer\domains\CMS1207\vendor\CMS1207\core\Router.php | Строка: 41
==============
[2020-09-17 15:57:30] Текст ошибки: Страница не найдена | Файл: C:\Users\Oleg\Downloads\OpenServer\domains\CMS1207\vendor\CMS1207\core\Router.php | Строка: 41
=================
[2020-09-17 15:57:38] Текст ошибки: Страница не найдена | Файл: C:\Users\Oleg\Downloads\OpenServer\domains\CMS1207\vendor\CMS1207\core\Router.php | Строка: 41
=================
[2020-09-17 15:57:54] Текст ошибки: Страница не найдена | Файл: C:\Users\Oleg\Downloads\OpenServer\domains\CMS1207\vendor\CMS1207\core\Router.php | Строка: 41
=================
[2020-09-17 16:06:16] Текст ошибки: Страница не найдена | Файл: C:\Users\Oleg\Downloads\OpenServer\domains\CMS1207\vendor\CMS1207\core\Router.php | Строка: 41
=================
[2020-09-17 16:08:57] Текст ошибки: Страница не найдена | Файл: C:\Users\Oleg\Downloads\OpenServer\domains\CMS1207\vendor\CMS1207\core\Router.php | Строка: 41
=================
[2020-09-17 16:42:15] Текст ошибки: Class 'app\controllers\Cache' not found | Файл: C:\Users\Oleg\Downloads\OpenServer\domains\CMS1207\app\controllers\AppController.php | Строка: 24
=================
[2020-09-17 16:42:18] Текст ошибки: Class 'app\controllers\Cache' not found | Файл: C:\Users\Oleg\Downloads\OpenServer\domains\CMS1207\app\controllers\AppController.php | Строка: 24
=================
[2020-09-17 16:47:13] Текст ошибки: Class 'app\controllers\Cache' not found | Файл: C:\Users\Oleg\Downloads\OpenServer\domains\CMS1207\app\controllers\AppController.php | Строка: 24
=================
[2020-09-17 16:47:15] Текст ошибки: Class 'app\controllers\Cache' not found | Файл: C:\Users\Oleg\Downloads\OpenServer\domains\CMS1207\app\controllers\AppController.php | Строка: 24
=================
[2020-09-17 16:47:16] Текст ошибки: Class 'app\controllers\Cache' not found | Файл: C:\Users\Oleg\Downloads\OpenServer\domains\CMS1207\app\controllers\AppController.php | Строка: 24
=================
[2020-09-17 16:47:17] Текст ошибки: Class 'app\controllers\Cache' not found | Файл: C:\Users\Oleg\Downloads\OpenServer\domains\CMS1207\app\controllers\AppController.php | Строка: 24
=================
[2020-09-17 16:47:17] Текст ошибки: Class 'app\controllers\Cache' not found | Файл: C:\Users\Oleg\Downloads\OpenServer\domains\CMS1207\app\controllers\AppController.php | Строка: 24
=================
[2020-09-17 16:47:17] Текст ошибки: Страница не найдена | Файл: C:\Users\Oleg\Downloads\OpenServer\domains\CMS1207\vendor\CMS1207\core\Router.php | Строка: 41
=================
[2020-09-17 16:47:18] Текст ошибки: Class 'app\controllers\Cache' not found | Файл: C:\Users\Oleg\Downloads\OpenServer\domains\CMS1207\app\controllers\AppController.php | Строка: 24
=================
[2020-09-17 16:47:19] Текст ошибки: Страница не найдена | Файл: C:\Users\Oleg\Downloads\OpenServer\domains\CMS1207\vendor\CMS1207\core\Router.php | Строка: 41
=================
[2020-09-17 16:47:19] Текст ошибки: Class 'app\controllers\Cache' not found | Файл: C:\Users\Oleg\Downloads\OpenServer\domains\CMS1207\app\controllers\AppController.php | Строка: 24
=================
[2020-09-17 16:47:20] Текст ошибки: Страница не найдена | Файл: C:\Users\Oleg\Downloads\OpenServer\domains\CMS1207\vendor\CMS1207\core\Router.php | Строка: 41
=================
[2020-09-17 16:47:20] Текст ошибки: Class 'app\controllers\Cache' not found | Файл: C:\Users\Oleg\Downloads\OpenServer\domains\CMS1207\app\controllers\AppController.php | Строка: 24
=================
[2020-09-17 16:47:21] Текст ошибки: Class 'app\controllers\Cache' not found | Файл: C:\Users\Oleg\Downloads\OpenServer\domains\CMS1207\app\controllers\AppController.php | Строка: 24
=================
[2020-09-17 16:47:21] Текст ошибки: Страница не найдена | Файл: C:\Users\Oleg\Downloads\OpenServer\domains\CMS1207\vendor\CMS1207\core\Router.php | Строка: 41
=================
[2020-09-17 16:47:47] Текст ошибки: Class 'app\controllers\Cache' not found | Файл: C:\Users\Oleg\Downloads\OpenServer\domains\CMS1207\app\controllers\AppController.php | Строка: 24
=================
[2020-09-17 16:47:47] Текст ошибки: Страница не найдена | Файл: C:\Users\Oleg\Downloads\OpenServer\domains\CMS1207\vendor\CMS1207\core\Router.php | Строка: 41
=================
[2020-09-17 16:47:48] Текст ошибки: Class 'app\controllers\Cache' not found | Файл: C:\Users\Oleg\Downloads\OpenServer\domains\CMS1207\app\controllers\AppController.php | Строка: 24
=================
[2020-09-17 16:47:48] Текст ошибки: Страница не найдена | Файл: C:\Users\Oleg\Downloads\OpenServer\domains\CMS1207\vendor\CMS1207\core\Router.php | Строка: 41
=================
[2020-09-17 16:47:48] Текст ошибки: Class 'app\controllers\Cache' not found | Файл: C:\Users\Oleg\Downloads\OpenServer\domains\CMS1207\app\controllers\AppController.php | Строка: 24
=================
[2020-09-17 16:47:48] Текст ошибки: Страница не найдена | Файл: C:\Users\Oleg\Downloads\OpenServer\domains\CMS1207\vendor\CMS1207\core\Router.php | Строка: 41
=================
[2020-09-17 16:47:53] Текст ошибки: Class 'app\controllers\Cache' not found | Файл: C:\Users\Oleg\Downloads\OpenServer\domains\CMS1207\app\controllers\AppController.php | Строка: 24
=================
[2020-09-17 16:48:35] Текст ошибки: Class 'CMS1207\core\App' not found | Файл: C:\Users\Oleg\Downloads\OpenServer\domains\CMS1207\app\controllers\AppController.php | Строка: 17
=================
[2020-09-17 16:48:36] Текст ошибки: Class 'CMS1207\core\App' not found | Файл: C:\Users\Oleg\Downloads\OpenServer\domains\CMS1207\app\controllers\AppController.php | Строка: 17
=================
[2020-09-17 16:48:38] Текст ошибки: Class 'CMS1207\core\App' not found | Файл: C:\Users\Oleg\Downloads\OpenServer\domains\CMS1207\app\controllers\AppController.php | Строка: 17
=================
[2020-09-17 16:48:38] Текст ошибки: Страница не найдена | Файл: C:\Users\Oleg\Downloads\OpenServer\domains\CMS1207\vendor\CMS1207\core\Router.php | Строка: 41
=================
[2020-09-17 16:49:21] Текст ошибки: Class 'app\controllers\Cache' not found | Файл: C:\Users\Oleg\Downloads\OpenServer\domains\CMS1207\app\controllers\AppController.php | Строка: 24
=================
[2020-09-17 16:49:22] Текст ошибки: Class 'app\controllers\Cache' not found | Файл: C:\Users\Oleg\Downloads\OpenServer\domains\CMS1207\app\controllers\AppController.php | Строка: 24
=================
[2020-09-17 16:51:37] Текст ошибки: Class 'app\controllers\Cache' not found | Файл: C:\Users\Oleg\Downloads\OpenServer\domains\CMS1207\app\controllers\AppController.php | Строка: 24
=================
[2020-09-17 16:51:38] Текст ошибки: Class 'app\controllers\Cache' not found | Файл: C:\Users\Oleg\Downloads\OpenServer\domains\CMS1207\app\controllers\AppController.php | Строка: 24
=================
[2020-09-17 16:51:39] Текст ошибки: Class 'app\controllers\Cache' not found | Файл: C:\Users\Oleg\Downloads\OpenServer\domains\CMS1207\app\controllers\AppController.php | Строка: 24
=================
[2020-09-17 16:51:39] Текст ошибки: Страница не найдена | Файл: C:\Users\Oleg\Downloads\OpenServer\domains\CMS1207\vendor\CMS1207\core\Router.php | Строка: 41
=================
[2020-09-17 16:51:55] Текст ошибки: Class 'app\controllers\App' not found | Файл: C:\Users\Oleg\Downloads\OpenServer\domains\CMS1207\app\controllers\AppController.php | Строка: 17
=================
[2020-09-17 16:51:56] Текст ошибки: Class 'app\controllers\App' not found | Файл: C:\Users\Oleg\Downloads\OpenServer\domains\CMS1207\app\controllers\AppController.php | Строка: 17
=================
[2020-09-17 16:51:56] Текст ошибки: Class 'app\controllers\App' not found | Файл: C:\Users\Oleg\Downloads\OpenServer\domains\CMS1207\app\controllers\AppController.php | Строка: 17
=================
[2020-09-17 16:51:56] Текст ошибки: Страница не найдена | Файл: C:\Users\Oleg\Downloads\OpenServer\domains\CMS1207\vendor\CMS1207\core\Router.php | Строка: 41
=================
[2020-09-17 16:52:08] Текст ошибки: Class 'app\controllers\App' not found | Файл: C:\Users\Oleg\Downloads\OpenServer\domains\CMS1207\app\controllers\AppController.php | Строка: 17
=================
[2020-09-17 16:52:09] Текст ошибки: Class 'CMS1207\base\App' not found | Файл: C:\Users\Oleg\Downloads\OpenServer\domains\CMS1207\app\controllers\AppController.php | Строка: 17
=================
[2020-09-17 16:52:10] Текст ошибки: Class 'CMS1207\base\App' not found | Файл: C:\Users\Oleg\Downloads\OpenServer\domains\CMS1207\app\controllers\AppController.php | Строка: 17
=================
[2020-09-17 16:52:15] Текст ошибки: Class 'app\controllers\Cache' not found | Файл: C:\Users\Oleg\Downloads\OpenServer\domains\CMS1207\app\controllers\AppController.php | Строка: 24
=================
[2020-09-17 16:52:16] Текст ошибки: Class 'app\controllers\Cache' not found | Файл: C:\Users\Oleg\Downloads\OpenServer\domains\CMS1207\app\controllers\AppController.php | Строка: 24
=================
[2020-09-17 16:54:07] Текст ошибки: Class 'app\controllers\Cache' not found | Файл: C:\Users\Oleg\Downloads\OpenServer\domains\CMS1207\app\controllers\AppController.php | Строка: 24
=================
[2020-09-17 16:54:08] Текст ошибки: Class 'app\controllers\Cache' not found | Файл: C:\Users\Oleg\Downloads\OpenServer\domains\CMS1207\app\controllers\AppController.php | Строка: 24
=================
[2020-09-17 16:54:09] Текст ошибки: Class 'app\controllers\Cache' not found | Файл: C:\Users\Oleg\Downloads\OpenServer\domains\CMS1207\app\controllers\AppController.php | Строка: 24
=================
[2020-09-17 16:54:09] Текст ошибки: Class 'app\controllers\Cache' not found | Файл: C:\Users\Oleg\Downloads\OpenServer\domains\CMS1207\app\controllers\AppController.php | Строка: 24
=================
[2020-09-17 16:54:10] Текст ошибки: Страница не найдена | Файл: C:\Users\Oleg\Downloads\OpenServer\domains\CMS1207\vendor\CMS1207\core\Router.php | Строка: 41
=================
[2020-09-17 16:54:10] Текст ошибки: Class 'app\controllers\Cache' not found | Файл: C:\Users\Oleg\Downloads\OpenServer\domains\CMS1207\app\controllers\AppController.php | Строка: 24
=================
[2020-09-17 16:54:11] Текст ошибки: Страница не найдена | Файл: C:\Users\Oleg\Downloads\OpenServer\domains\CMS1207\vendor\CMS1207\core\Router.php | Строка: 41
=================
[2020-09-17 16:54:11] Текст ошибки: Class 'app\controllers\Cache' not found | Файл: C:\Users\Oleg\Downloads\OpenServer\domains\CMS1207\app\controllers\AppController.php | Строка: 24
=================
[2020-09-17 16:54:12] Текст ошибки: Class 'app\controllers\Cache' not found | Файл: C:\Users\Oleg\Downloads\OpenServer\domains\CMS1207\app\controllers\AppController.php | Строка: 24
=================
[2020-09-17 16:54:12] Текст ошибки: Class 'app\controllers\Cache' not found | Файл: C:\Users\Oleg\Downloads\OpenServer\domains\CMS1207\app\controllers\AppController.php | Строка: 24
=================
[2020-09-17 16:54:12] Текст ошибки: Class 'app\controllers\Cache' not found | Файл: C:\Users\Oleg\Downloads\OpenServer\domains\CMS1207\app\controllers\AppController.php | Строка: 24
=================
[2020-09-17 16:54:12] Текст ошибки: Class 'app\controllers\Cache' not found | Файл: C:\Users\Oleg\Downloads\OpenServer\domains\CMS1207\app\controllers\AppController.php | Строка: 24
=================
[2020-09-17 16:54:13] Текст ошибки: Class 'app\controllers\Cache' not found | Файл: C:\Users\Oleg\Downloads\OpenServer\domains\CMS1207\app\controllers\AppController.php | Строка: 24
=================
[2020-09-17 16:54:13] Текст ошибки: Class 'app\controllers\Cache' not found | Файл: C:\Users\Oleg\Downloads\OpenServer\domains\CMS1207\app\controllers\AppController.php | Строка: 24
=================
[2020-09-17 16:54:13] Текст ошибки: Class 'app\controllers\Cache' not found | Файл: C:\Users\Oleg\Downloads\OpenServer\domains\CMS1207\app\controllers\AppController.php | Строка: 24
=================
[2020-09-17 16:54:13] Текст ошибки: Class 'app\controllers\Cache' not found | Файл: C:\Users\Oleg\Downloads\OpenServer\domains\CMS1207\app\controllers\AppController.php | Строка: 24
=================
[2020-09-17 16:54:13] Текст ошибки: Class 'app\controllers\Cache' not found | Файл: C:\Users\Oleg\Downloads\OpenServer\domains\CMS1207\app\controllers\AppController.php | Строка: 24
=================
[2020-09-17 16:54:14] Текст ошибки: Class 'app\controllers\Cache' not found | Файл: C:\Users\Oleg\Downloads\OpenServer\domains\CMS1207\app\controllers\AppController.php | Строка: 24
=================
[2020-09-17 16:54:14] Текст ошибки: Class 'app\controllers\Cache' not found | Файл: C:\Users\Oleg\Downloads\OpenServer\domains\CMS1207\app\controllers\AppController.php | Строка: 24
=================
[2020-09-17 16:56:01] Текст ошибки: Class 'app\controllers\Cache' not found | Файл: C:\Users\Oleg\Downloads\OpenServer\domains\CMS1207\app\controllers\AppController.php | Строка: 24
=================
[2020-09-17 16:56:02] Текст ошибки: Class 'app\controllers\Cache' not found | Файл: C:\Users\Oleg\Downloads\OpenServer\domains\CMS1207\app\controllers\AppController.php | Строка: 24
=================
[2020-09-17 16:56:02] Текст ошибки: Class 'app\controllers\Cache' not found | Файл: C:\Users\Oleg\Downloads\OpenServer\domains\CMS1207\app\controllers\AppController.php | Строка: 24
=================
[2020-09-17 16:56:03] Текст ошибки: Страница не найдена | Файл: C:\Users\Oleg\Downloads\OpenServer\domains\CMS1207\vendor\CMS1207\core\Router.php | Строка: 41
=================
[2020-09-17 16:57:01] Текст ошибки: Class 'app\widgets\menu\cache' not found | Файл: C:\Users\Oleg\Downloads\OpenServer\domains\CMS1207\app\widgets\menu\Menu.php | Строка: 36
=================
[2020-09-17 16:57:03] Текст ошибки: Class 'app\widgets\menu\cache' not found | Файл: C:\Users\Oleg\Downloads\OpenServer\domains\CMS1207\app\widgets\menu\Menu.php | Строка: 36
=================
[2020-09-17 16:57:05] Текст ошибки: Class 'app\widgets\menu\cache' not found | Файл: C:\Users\Oleg\Downloads\OpenServer\domains\CMS1207\app\widgets\menu\Menu.php | Строка: 36
=================
[2020-09-17 16:57:05] Текст ошибки: Страница не найдена | Файл: C:\Users\Oleg\Downloads\OpenServer\domains\CMS1207\vendor\CMS1207\core\Router.php | Строка: 41
=================
[2020-09-17 16:57:24] Текст ошибки: Class 'app\widgets\menu\cache' not found | Файл: C:\Users\Oleg\Downloads\OpenServer\domains\CMS1207\app\widgets\menu\Menu.php | Строка: 36
=================
[2020-09-17 16:57:25] Текст ошибки: Class 'app\widgets\menu\Cache' not found | Файл: C:\Users\Oleg\Downloads\OpenServer\domains\CMS1207\app\widgets\menu\Menu.php | Строка: 36
=================
[2020-09-17 16:57:26] Текст ошибки: Class 'app\widgets\menu\Cache' not found | Файл: C:\Users\Oleg\Downloads\OpenServer\domains\CMS1207\app\widgets\menu\Menu.php | Строка: 36
=================
[2020-09-17 16:57:27] Текст ошибки: Class 'app\widgets\menu\Cache' not found | Файл: C:\Users\Oleg\Downloads\OpenServer\domains\CMS1207\app\widgets\menu\Menu.php | Строка: 36
=================
[2020-09-17 16:57:28] Текст ошибки: Страница не найдена | Файл: C:\Users\Oleg\Downloads\OpenServer\domains\CMS1207\vendor\CMS1207\core\Router.php | Строка: 41
=================
[2020-09-17 16:58:10] Текст ошибки: Call to undefined method CMS1207\Cache::instanse() | Файл: C:\Users\Oleg\Downloads\OpenServer\domains\CMS1207\app\widgets\menu\Menu.php | Строка: 40
=================
[2020-09-17 16:58:11] Текст ошибки: Call to undefined method CMS1207\Cache::instanse() | Файл: C:\Users\Oleg\Downloads\OpenServer\domains\CMS1207\app\widgets\menu\Menu.php | Строка: 40
=================
[2020-09-17 17:15:28] Текст ошибки: Too few arguments to function CMS1207\Registry::setProperty(), 1 passed in C:\Users\Oleg\Downloads\OpenServer\domains\CMS1207\app\widgets\menu\Menu.php on line 42 and exactly 2 expected | Файл: C:\Users\Oleg\Downloads\OpenServer\domains\CMS1207\vendor\CMS1207\core\Registry.php | Строка: 13
=================
[2020-09-17 17:15:29] Текст ошибки: Too few arguments to function CMS1207\Registry::setProperty(), 1 passed in C:\Users\Oleg\Downloads\OpenServer\domains\CMS1207\app\widgets\menu\Menu.php on line 42 and exactly 2 expected | Файл: C:\Users\Oleg\Downloads\OpenServer\domains\CMS1207\vendor\CMS1207\core\Registry.php | Строка: 13
=================
[2020-09-17 17:16:40] Текст ошибки: Too few arguments to function CMS1207\Registry::setProperty(), 1 passed in C:\Users\Oleg\Downloads\OpenServer\domains\CMS1207\app\widgets\menu\Menu.php on line 42 and exactly 2 expected | Файл: C:\Users\Oleg\Downloads\OpenServer\domains\CMS1207\vendor\CMS1207\core\Registry.php | Строка: 13
=================
[2020-09-17 17:17:08] Текст ошибки: Call to undefined method CMS1207\Registry::setProperties() | Файл: C:\Users\Oleg\Downloads\OpenServer\domains\CMS1207\app\widgets\menu\Menu.php | Строка: 42
=================
[2020-09-17 17:17:09] Текст ошибки: Call to undefined method CMS1207\Registry::setProperties() | Файл: C:\Users\Oleg\Downloads\OpenServer\domains\CMS1207\app\widgets\menu\Menu.php | Строка: 42
=================
[2020-09-17 17:17:10] Текст ошибки: Страница не найдена | Файл: C:\Users\Oleg\Downloads\OpenServer\domains\CMS1207\vendor\CMS1207\core\Router.php | Строка: 41
=================
[2020-09-17 17:17:11] Текст ошибки: Call to undefined method CMS1207\Registry::setProperties() | Файл: C:\Users\Oleg\Downloads\OpenServer\domains\CMS1207\app\widgets\menu\Menu.php | Строка: 42
=================
[2020-09-17 17:17:11] Текст ошибки: Страница не найдена | Файл: C:\Users\Oleg\Downloads\OpenServer\domains\CMS1207\vendor\CMS1207\core\Router.php | Строка: 41
=================
[2020-09-17 17:17:35] Текст ошибки: Too few arguments to function CMS1207\Registry::setProperty(), 1 passed in C:\Users\Oleg\Downloads\OpenServer\domains\CMS1207\app\widgets\menu\Menu.php on line 42 and exactly 2 expected | Файл: C:\Users\Oleg\Downloads\OpenServer\domains\CMS1207\vendor\CMS1207\core\Registry.php | Строка: 13
=================
[2020-09-17 17:17:36] Текст ошибки: Too few arguments to function CMS1207\Registry::setProperty(), 1 passed in C:\Users\Oleg\Downloads\OpenServer\domains\CMS1207\app\widgets\menu\Menu.php on line 42 and exactly 2 expected | Файл: C:\Users\Oleg\Downloads\OpenServer\domains\CMS1207\vendor\CMS1207\core\Registry.php | Строка: 13
=================
[2020-09-17 17:18:50] Текст ошибки: Too few arguments to function CMS1207\Registry::setProperty(), 1 passed in C:\Users\Oleg\Downloads\OpenServer\domains\CMS1207\app\widgets\menu\Menu.php on line 42 and exactly 2 expected | Файл: C:\Users\Oleg\Downloads\OpenServer\domains\CMS1207\vendor\CMS1207\core\Registry.php | Строка: 13
=================
[2020-09-17 17:21:46] Текст ошибки: Страница не найдена | Файл: C:\Users\Oleg\Downloads\OpenServer\domains\CMS1207\vendor\CMS1207\core\Router.php | Строка: 41
=================
[2020-09-17 17:22:34] Текст ошибки: Страница не найдена | Файл: C:\Users\Oleg\Downloads\OpenServer\domains\CMS1207\vendor\CMS1207\core\Router.php | Строка: 41
=================
[2020-09-17 17:33:28] Текст ошибки: Контроллер app\controllers\CategoryController не найден | Файл: C:\Users\Oleg\Downloads\OpenServer\domains\CMS1207\vendor\CMS1207\core\Router.php | Строка: 38
=================
[2020-09-17 18:17:29] Текст ошибки: Страница не найдена | Файл: C:\Users\Oleg\Downloads\OpenServer\domains\CMS1207\vendor\CMS1207\core\Router.php | Строка: 41
=================
[2020-09-17 18:17:31] Текст ошибки: Контроллер app\controllers\CategoryController не найден | Файл: C:\Users\Oleg\Downloads\OpenServer\domains\CMS1207\vendor\CMS1207\core\Router.php | Строка: 38
=================
[2020-09-17 18:18:10] Текст ошибки: Страница не найдена | Файл: C:\Users\Oleg\Downloads\OpenServer\domains\CMS1207\vendor\CMS1207\core\Router.php | Строка: 41
=================
[2020-09-17 18:22:01] Текст ошибки: Контроллер app\controllers\CategoryController не найден | Файл: C:\Users\Oleg\Downloads\OpenServer\domains\CMS1207\vendor\CMS1207\core\Router.php | Строка: 38
=================
[2020-09-17 18:24:05] Текст ошибки: syntax error, unexpected ';', expecting ']' | Файл: C:\Users\Oleg\Downloads\OpenServer\domains\CMS1207\app\views\layouts\dachev.php | Строка: 78
=================
[2020-09-17 18:24:06] Текст ошибки: syntax error, unexpected ';', expecting ']' | Файл: C:\Users\Oleg\Downloads\OpenServer\domains\CMS1207\app\views\layouts\dachev.php | Строка: 78
=================
[2020-09-18 10:29:07] Текст ошибки: Страница не найдена | Файл: C:\Users\Oleg\Downloads\OpenServer\domains\CMS1207\vendor\CMS1207\core\Router.php | Строка: 41
=================
[2020-09-18 10:37:54] Текст ошибки: Страница не найдена | Файл: C:\Users\Oleg\Downloads\OpenServer\domains\CMS1207\vendor\CMS1207\core\Router.php | Строка: 41
=================
[2020-09-18 10:37:55] Текст ошибки: Контроллер app\controllers\ProductController не найден | Файл: C:\Users\Oleg\Downloads\OpenServer\domains\CMS1207\vendor\CMS1207\core\Router.php | Строка: 38
=================
[2020-09-18 10:38:05] Текст ошибки: Контроллер app\controllers\ProductController не найден | Файл: C:\Users\Oleg\Downloads\OpenServer\domains\CMS1207\vendor\CMS1207\core\Router.php | Строка: 38
=================
[2020-09-18 10:40:16] Текст ошибки: Страница не найдена | Файл: C:\Users\Oleg\Downloads\OpenServer\domains\CMS1207\vendor\CMS1207\core\Router.php | Строка: 41
=================
[2020-09-18 10:40:16] Текст ошибки: Страница не найдена | Файл: C:\Users\Oleg\Downloads\OpenServer\domains\CMS1207\vendor\CMS1207\core\Router.php | Строка: 41
=================
[2020-09-18 10:40:17] Текст ошибки: Страница не найдена | Файл: C:\Users\Oleg\Downloads\OpenServer\domains\CMS1207\vendor\CMS1207\core\Router.php | Строка: 41
=================
[2020-09-18 10:40:17] Текст ошибки: Страница не найдена | Файл: C:\Users\Oleg\Downloads\OpenServer\domains\CMS1207\vendor\CMS1207\core\Router.php | Строка: 41
=================
[2020-09-18 10:40:17] Текст ошибки: Страница не найдена | Файл: C:\Users\Oleg\Downloads\OpenServer\domains\CMS1207\vendor\CMS1207\core\Router.php | Строка: 41
=================
[2020-09-18 10:40:17] Текст ошибки: Страница не найдена | Файл: C:\Users\Oleg\Downloads\OpenServer\domains\CMS1207\vendor\CMS1207\core\Router.php | Строка: 41
=================
[2020-09-18 10:40:17] Текст ошибки: Страница не найдена | Файл: C:\Users\Oleg\Downloads\OpenServer\domains\CMS1207\vendor\CMS1207\core\Router.php | Строка: 41
=================
[2020-09-18 10:40:17] Текст ошибки: Страница не найдена | Файл: C:\Users\Oleg\Downloads\OpenServer\domains\CMS1207\vendor\CMS1207\core\Router.php | Строка: 41
=================
[2020-09-18 10:40:17] Текст ошибки: Страница не найдена | Файл: C:\Users\Oleg\Downloads\OpenServer\domains\CMS1207\vendor\CMS1207\core\Router.php | Строка: 41
=================
[2020-09-18 10:40:17] Текст ошибки: Страница не найдена | Файл: C:\Users\Oleg\Downloads\OpenServer\domains\CMS1207\vendor\CMS1207\core\Router.php | Строка: 41
=================
[2020-09-18 10:40:17] Текст ошибки: Страница не найдена | Файл: C:\Users\Oleg\Downloads\OpenServer\domains\CMS1207\vendor\CMS1207\core\Router.php | Строка: 41
=================
[2020-09-18 10:40:18] Текст ошибки: Страница не найдена | Файл: C:\Users\Oleg\Downloads\OpenServer\domains\CMS1207\vendor\CMS1207\core\Router.php | Строка: 41
=================
[2020-09-18 10:40:18] Текст ошибки: Страница не найдена | Файл: C:\Users\Oleg\Downloads\OpenServer\domains\CMS1207\vendor\CMS1207\core\Router.php | Строка: 41
=================
[2020-09-18 10:40:18] Текст ошибки: Страница не найдена | Файл: C:\Users\Oleg\Downloads\OpenServer\domains\CMS1207\vendor\CMS1207\core\Router.php | Строка: 41
=================
[2020-09-18 10:40:18] Текст ошибки: Страница не найдена | Файл: C:\Users\Oleg\Downloads\OpenServer\domains\CMS1207\vendor\CMS1207\core\Router.php | Строка: 41
=================
[2020-09-18 10:40:18] Текст ошибки: Страница не найдена | Файл: C:\Users\Oleg\Downloads\OpenServer\domains\CMS1207\vendor\CMS1207\core\Router.php | Строка: 41
=================
[2020-09-18 10:40:19] Текст ошибки: Страница не найдена | Файл: C:\Users\Oleg\Downloads\OpenServer\domains\CMS1207\vendor\CMS1207\core\Router.php | Строка: 41
=================
[2020-09-18 10:40:19] Текст ошибки: Страница не найдена | Файл: C:\Users\Oleg\Downloads\OpenServer\domains\CMS1207\vendor\CMS1207\core\Router.php | Строка: 41
=================
[2020-09-18 10:40:19] Текст ошибки: Страница не найдена | Файл: C:\Users\Oleg\Downloads\OpenServer\domains\CMS1207\vendor\CMS1207\core\Router.php | Строка: 41
=================
[2020-09-18 10:40:19] Текст ошибки: Страница не найдена | Файл: C:\Users\Oleg\Downloads\OpenServer\domains\CMS1207\vendor\CMS1207\core\Router.php | Строка: 41
=================
[2020-09-18 10:51:00] Текст ошибки: Class 'ishop\App' not found | Файл: C:\Users\Oleg\Downloads\OpenServer\domains\CMS1207\app\views\Product\view.php | Строка: 38
=================
[2020-09-18 10:51:02] Текст ошибки: Class 'ishop\App' not found | Файл: C:\Users\Oleg\Downloads\OpenServer\domains\CMS1207\app\views\Product\view.php | Строка: 38
=================
[2020-09-18 10:59:46] Текст ошибки: syntax error, unexpected '}', expecting identifier (T_STRING) or variable (T_VARIABLE) or '{' or '$' | Файл: C:\Users\Oleg\Downloads\OpenServer\domains\CMS1207\app\controllers\ProductController.php | Строка: 16
=================
[2020-09-18 10:59:47] Текст ошибки: syntax error, unexpected '}', expecting identifier (T_STRING) or variable (T_VARIABLE) or '{' or '$' | Файл: C:\Users\Oleg\Downloads\OpenServer\domains\CMS1207\app\controllers\ProductController.php | Строка: 16
=================
[2020-09-18 10:59:48] Текст ошибки: syntax error, unexpected '}', expecting identifier (T_STRING) or variable (T_VARIABLE) or '{' or '$' | Файл: C:\Users\Oleg\Downloads\OpenServer\domains\CMS1207\app\controllers\ProductController.php | Строка: 16
=================
[2020-09-18 10:59:48] Текст ошибки: Страница не найдена | Файл: C:\Users\Oleg\Downloads\OpenServer\domains\CMS1207\vendor\CMS1207\core\Router.php | Строка: 41
=================
[2020-09-18 11:31:40] Текст ошибки: Страница не найдена | Файл: C:\Users\Oleg\Downloads\OpenServer\domains\CMS1207\vendor\CMS1207\core\Router.php | Строка: 41
=================
[2020-09-18 11:56:17] Текст ошибки: Страница не найдена | Файл: C:\Users\Oleg\Downloads\OpenServer\domains\CMS1207\vendor\CMS1207\core\Router.php | Строка: 41
=================
[2020-09-18 12:05:44] Текст ошибки: Страница не найдена | Файл: C:\Users\Oleg\Downloads\OpenServer\domains\CMS1207\vendor\CMS1207\core\Router.php | Строка: 41
=================
[2020-09-18 12:06:54] Текст ошибки: SQLSTATE[42S02]: Base table or view not found: 1146 Table 'cms1207.galery' doesn't exist | Файл: C:\Users\Oleg\Downloads\OpenServer\domains\CMS1207\vendor\gabordemooij\redbean\RedBeanPHP\Driver\RPDO.php | Строка: 202
=================
[2020-09-18 12:06:55] Текст ошибки: SQLSTATE[42S02]: Base table or view not found: 1146 Table 'cms1207.galery' doesn't exist | Файл: C:\Users\Oleg\Downloads\OpenServer\domains\CMS1207\vendor\gabordemooij\redbean\RedBeanPHP\Driver\RPDO.php | Строка: 202
=================
[2020-09-18 12:07:06] Текст ошибки: Страница не найдена | Файл: C:\Users\Oleg\Downloads\OpenServer\domains\CMS1207\vendor\CMS1207\core\Router.php | Строка: 41
=================
[2020-09-18 12:07:49] Текст ошибки: Страница не найдена | Файл: C:\Users\Oleg\Downloads\OpenServer\domains\CMS1207\vendor\CMS1207\core\Router.php | Строка: 41
=================
[2020-09-18 12:07:58] Текст ошибки: Страница не найдена | Файл: C:\Users\Oleg\Downloads\OpenServer\domains\CMS1207\vendor\CMS1207\core\Router.php | Строка: 41
=================
[2020-09-18 12:16:40] Текст ошибки: Страница не найдена | Файл: C:\Users\Oleg\Downloads\OpenServer\domains\CMS1207\vendor\CMS1207\core\Router.php | Строка: 41
=================
[2020-09-18 12:16:41] Текст ошибки: Страница не найдена | Файл: C:\Users\Oleg\Downloads\OpenServer\domains\CMS1207\vendor\CMS1207\core\Router.php | Строка: 41
=================
[2020-09-18 12:47:23] Текст ошибки: Страница не найдена | Файл: C:\Users\Oleg\Downloads\OpenServer\domains\CMS1207\vendor\CMS1207\core\Router.php | Строка: 41
=================
[2020-09-18 12:50:13] Текст ошибки: Call to undefined method app\models\Product::getAllRecentlyViewed() | Файл: C:\Users\Oleg\Downloads\OpenServer\domains\CMS1207\app\controllers\ProductController.php | Строка: 25
=================
[2020-09-18 12:59:53] Текст ошибки: Call to undefined method app\models\Product::getAllRecentlyViewed() | Файл: C:\Users\Oleg\Downloads\OpenServer\domains\CMS1207\app\controllers\ProductController.php | Строка: 25
=================
[2020-09-18 12:59:54] Текст ошибки: Call to undefined method app\models\Product::getAllRecentlyViewed() | Файл: C:\Users\Oleg\Downloads\OpenServer\domains\CMS1207\app\controllers\ProductController.php | Строка: 25
=================
[2020-09-18 13:00:19] Текст ошибки: Too few arguments to function app\models\Product::getRecentlyViewed(), 0 passed in C:\Users\Oleg\Downloads\OpenServer\domains\CMS1207\app\controllers\ProductController.php on line 25 and exactly 1 expected | Файл: C:\Users\Oleg\Downloads\OpenServer\domains\CMS1207\app\models\Product.php | Строка: 23
=================
[2020-09-18 13:00:20] Текст ошибки: Too few arguments to function app\models\Product::getRecentlyViewed(), 0 passed in C:\Users\Oleg\Downloads\OpenServer\domains\CMS1207\app\controllers\ProductController.php on line 25 and exactly 1 expected | Файл: C:\Users\Oleg\Downloads\OpenServer\domains\CMS1207\app\models\Product.php | Строка: 23
=================
[2020-09-18 13:00:34] Текст ошибки: Too few arguments to function app\models\Product::getRecentlyViewed(), 0 passed in C:\Users\Oleg\Downloads\OpenServer\domains\CMS1207\app\controllers\ProductController.php on line 25 and exactly 1 expected | Файл: C:\Users\Oleg\Downloads\OpenServer\domains\CMS1207\app\models\Product.php | Строка: 23
=================
[2020-09-18 13:01:02] Текст ошибки: Too few arguments to function app\models\Product::getRecentlyViewed(), 0 passed in C:\Users\Oleg\Downloads\OpenServer\domains\CMS1207\app\controllers\ProductController.php on line 25 and exactly 1 expected | Файл: C:\Users\Oleg\Downloads\OpenServer\domains\CMS1207\app\models\Product.php | Строка: 23
=================
[2020-09-18 13:05:57] Текст ошибки: Страница не найдена | Файл: C:\Users\Oleg\Downloads\OpenServer\domains\CMS1207\vendor\CMS1207\core\Router.php | Строка: 41
=================
[2020-09-18 13:27:06] Текст ошибки: Class 'app\models\App' not found | Файл: C:\Users\Oleg\Downloads\OpenServer\domains\CMS1207\app\models\Breadcrambs.php | Строка: 10
=================
[2020-09-18 13:32:54] Текст ошибки: Страница не найдена | Файл: C:\Users\Oleg\Downloads\OpenServer\domains\CMS1207\vendor\CMS1207\core\Router.php | Строка: 41
=================
[2020-09-18 13:41:11] Текст ошибки: Страница не найдена | Файл: C:\Users\Oleg\Downloads\OpenServer\domains\CMS1207\app\controllers\ProductController.php | Строка: 16
=================
[2020-09-18 13:41:15] Текст ошибки: Страница не найдена | Файл: C:\Users\Oleg\Downloads\OpenServer\domains\CMS1207\app\controllers\ProductController.php | Строка: 16
=================
[2020-09-18 13:41:34] Текст ошибки: Страница не найдена | Файл: C:\Users\Oleg\Downloads\OpenServer\domains\CMS1207\app\controllers\ProductController.php | Строка: 16
=================
[2020-09-18 13:42:06] Текст ошибки: Страница не найдена | Файл: C:\Users\Oleg\Downloads\OpenServer\domains\CMS1207\app\controllers\ProductController.php | Строка: 16
=================
[2020-09-18 13:42:12] Текст ошибки: Страница не найдена | Файл: C:\Users\Oleg\Downloads\OpenServer\domains\CMS1207\app\controllers\ProductController.php | Строка: 16
=================
[2020-09-18 13:46:25] Текст ошибки: Страница не найдена | Файл: C:\Users\Oleg\Downloads\OpenServer\domains\CMS1207\vendor\CMS1207\core\Router.php | Строка: 41
=================
[2020-09-18 13:46:38] Текст ошибки: Страница не найдена | Файл: C:\Users\Oleg\Downloads\OpenServer\domains\CMS1207\vendor\CMS1207\core\Router.php | Строка: 41
=================
[2020-09-18 13:54:42] Текст ошибки: Страница не найдена | Файл: C:\Users\Oleg\Downloads\OpenServer\domains\CMS1207\vendor\CMS1207\core\Router.php | Строка: 41
=================
[2020-09-18 13:54:47] Текст ошибки: Страница не найдена | Файл: C:\Users\Oleg\Downloads\OpenServer\domains\CMS1207\vendor\CMS1207\core\Router.php | Строка: 41
=================
[2020-09-18 13:54:47] Текст ошибки: Страница не найдена | Файл: C:\Users\Oleg\Downloads\OpenServer\domains\CMS1207\vendor\CMS1207\core\Router.php | Строка: 41
=================
[2020-09-18 13:55:09] Текст ошибки: Страница не найдена | Файл: C:\Users\Oleg\Downloads\OpenServer\domains\CMS1207\vendor\CMS1207\core\Router.php | Строка: 41
=================
[2020-09-18 13:55:15] Текст ошибки: Страница не найдена | Файл: C:\Users\Oleg\Downloads\OpenServer\domains\CMS1207\vendor\CMS1207\core\Router.php | Строка: 41
=================
[2020-09-18 13:55:16] Текст ошибки: Страница не найдена | Файл: C:\Users\Oleg\Downloads\OpenServer\domains\CMS1207\vendor\CMS1207\core\Router.php | Строка: 41
=================
[2020-09-18 13:56:21] Текст ошибки: Страница не найдена | Файл: C:\Users\Oleg\Downloads\OpenServer\domains\CMS1207\vendor\CMS1207\core\Router.php | Строка: 41
=================
[2020-09-18 13:56:30] Текст ошибки: Страница не найдена | Файл: C:\Users\Oleg\Downloads\OpenServer\domains\CMS1207\vendor\CMS1207\core\Router.php | Строка: 41
=================
[2020-09-18 14:01:33] Текст ошибки: Страница не найдена | Файл: C:\Users\Oleg\Downloads\OpenServer\domains\CMS1207\vendor\CMS1207\core\Router.php | Строка: 41
=================
[2020-09-18 14:05:13] Текст ошибки: Контроллер app\controllers\CategoryController не найден | Файл: C:\Users\Oleg\Downloads\OpenServer\domains\CMS1207\vendor\CMS1207\core\Router.php | Строка: 38
=================
[2020-09-18 14:36:38] Текст ошибки: Class 'ishop\App' not found | Файл: C:\Users\Oleg\Downloads\OpenServer\domains\CMS1207\app\views\layouts\dachev.php | Строка: 205
=================
[2020-09-18 14:36:39] Текст ошибки: Страница не найдена | Файл: C:\Users\Oleg\Downloads\OpenServer\domains\CMS1207\vendor\CMS1207\core\Router.php | Строка: 41
=================
[2020-09-18 14:36:47] Текст ошибки: Class 'app\models\Breadcrumbs' not found | Файл: C:\Users\Oleg\Downloads\OpenServer\domains\CMS1207\app\controllers\CategoryController.php | Строка: 21
=================
[2020-09-18 14:36:50] Текст ошибки: Class 'ishop\App' not found | Файл: C:\Users\Oleg\Downloads\OpenServer\domains\CMS1207\app\views\layouts\dachev.php | Строка: 205
=================
[2020-09-18 14:36:50] Текст ошибки: Страница не найдена | Файл: C:\Users\Oleg\Downloads\OpenServer\domains\CMS1207\vendor\CMS1207\core\Router.php | Строка: 41
=================
[2020-09-18 14:36:53] Текст ошибки: Call to undefined function app\controllers\h() | Файл: C:\Users\Oleg\Downloads\OpenServer\domains\CMS1207\app\controllers\SearchController.php | Строка: 23
=================
[2020-09-18 14:36:56] Текст ошибки: Class 'ishop\App' not found | Файл: C:\Users\Oleg\Downloads\OpenServer\domains\CMS1207\app\views\layouts\dachev.php | Строка: 205
=================
[2020-09-18 14:36:57] Текст ошибки: Страница не найдена | Файл: C:\Users\Oleg\Downloads\OpenServer\domains\CMS1207\vendor\CMS1207\core\Router.php | Строка: 41
=================
[2020-09-18 14:37:57] Текст ошибки: Страница не найдена | Файл: C:\Users\Oleg\Downloads\OpenServer\domains\CMS1207\vendor\CMS1207\core\Router.php | Строка: 41
=================
[2020-09-18 14:38:01] Текст ошибки: Страница не найдена | Файл: C:\Users\Oleg\Downloads\OpenServer\domains\CMS1207\vendor\CMS1207\core\Router.php | Строка: 41
=================
[2020-09-18 14:38:05] Текст ошибки: Страница не найдена | Файл: C:\Users\Oleg\Downloads\OpenServer\domains\CMS1207\vendor\CMS1207\core\Router.php | Строка: 41
=================
[2020-09-18 14:38:07] Текст ошибки: Страница не найдена | Файл: C:\Users\Oleg\Downloads\OpenServer\domains\CMS1207\vendor\CMS1207\core\Router.php | Строка: 41
=================
[2020-09-18 14:38:16] Текст ошибки: Страница не найдена | Файл: C:\Users\Oleg\Downloads\OpenServer\domains\CMS1207\vendor\CMS1207\core\Router.php | Строка: 41
=================
[2020-09-18 14:38:20] Текст ошибки: Страница не найдена | Файл: C:\Users\Oleg\Downloads\OpenServer\domains\CMS1207\vendor\CMS1207\core\Router.php | Строка: 41
=================
[2020-09-18 14:38:22] Текст ошибки: Страница не найдена | Файл: C:\Users\Oleg\Downloads\OpenServer\domains\CMS1207\vendor\CMS1207\core\Router.php | Строка: 41
=================
[2020-09-18 14:38:23] Текст ошибки: Страница не найдена | Файл: C:\Users\Oleg\Downloads\OpenServer\domains\CMS1207\vendor\CMS1207\core\Router.php | Строка: 41
=================
[2020-09-18 14:38:25] Текст ошибки: Страница не найдена | Файл: C:\Users\Oleg\Downloads\OpenServer\domains\CMS1207\vendor\CMS1207\core\Router.php | Строка: 41
=================
[2020-09-18 14:38:26] Текст ошибки: Страница не найдена | Файл: C:\Users\Oleg\Downloads\OpenServer\domains\CMS1207\vendor\CMS1207\core\Router.php | Строка: 41
=================
[2020-09-18 14:38:27] Текст ошибки: Страница не найдена | Файл: C:\Users\Oleg\Downloads\OpenServer\domains\CMS1207\vendor\CMS1207\core\Router.php | Строка: 41
=================
[2020-09-18 14:38:28] Текст ошибки: Страница не найдена | Файл: C:\Users\Oleg\Downloads\OpenServer\domains\CMS1207\vendor\CMS1207\core\Router.php | Строка: 41
=================
[2020-09-18 14:38:28] Текст ошибки: Class 'ishop\App' not found | Файл: C:\Users\Oleg\Downloads\OpenServer\domains\CMS1207\app\models\Cart.php | Строка: 32
=================
[2020-09-18 14:38:28] Текст ошибки: Class 'ishop\App' not found | Файл: C:\Users\Oleg\Downloads\OpenServer\domains\CMS1207\app\models\Cart.php | Строка: 32
=================
[2020-09-18 14:38:29] Текст ошибки: Страница не найдена | Файл: C:\Users\Oleg\Downloads\OpenServer\domains\CMS1207\vendor\CMS1207\core\Router.php | Строка: 41
=================
[2020-09-18 14:38:30] Текст ошибки: Страница не найдена | Файл: C:\Users\Oleg\Downloads\OpenServer\domains\CMS1207\vendor\CMS1207\core\Router.php | Строка: 41
=================
[2020-09-18 14:38:32] Текст ошибки: Страница не найдена | Файл: C:\Users\Oleg\Downloads\OpenServer\domains\CMS1207\vendor\CMS1207\core\Router.php | Строка: 41
=================
[2020-09-18 14:38:32] Текст ошибки: Страница не найдена | Файл: C:\Users\Oleg\Downloads\OpenServer\domains\CMS1207\vendor\CMS1207\core\Router.php | Строка: 41
=================
[2020-09-18 14:38:34] Текст ошибки: Страница не найдена | Файл: C:\Users\Oleg\Downloads\OpenServer\domains\CMS1207\vendor\CMS1207\core\Router.php | Строка: 41
=================
[2020-09-18 14:38:35] Текст ошибки: Class 'ishop\App' not found | Файл: C:\Users\Oleg\Downloads\OpenServer\domains\CMS1207\app\models\Cart.php | Строка: 32
=================
[2020-09-18 14:39:04] Текст ошибки: Страница не найдена | Файл: C:\Users\Oleg\Downloads\OpenServer\domains\CMS1207\vendor\CMS1207\core\Router.php | Строка: 41
=================
[2020-09-18 14:39:07] Текст ошибки: Страница не найдена | Файл: C:\Users\Oleg\Downloads\OpenServer\domains\CMS1207\vendor\CMS1207\core\Router.php | Строка: 41
=================
[2020-09-18 14:39:07] Текст ошибки: Страница не найдена | Файл: C:\Users\Oleg\Downloads\OpenServer\domains\CMS1207\vendor\CMS1207\core\Router.php | Строка: 41
=================
[2020-09-18 14:39:07] Текст ошибки: Страница не найдена | Файл: C:\Users\Oleg\Downloads\OpenServer\domains\CMS1207\vendor\CMS1207\core\Router.php | Строка: 41
=================
[2020-09-18 14:39:12] Текст ошибки: Страница не найдена | Файл: C:\Users\Oleg\Downloads\OpenServer\domains\CMS1207\vendor\CMS1207\core\Router.php | Строка: 41
=================
[2020-09-18 15:33:59] Текст ошибки: Страница не найдена | Файл: C:\Users\Oleg\Downloads\OpenServer\domains\CMS1207\vendor\CMS1207\core\Router.php | Строка: 41
=================
[2020-09-18 15:34:27] Текст ошибки: Страница не найдена | Файл: C:\Users\Oleg\Downloads\OpenServer\domains\CMS1207\vendor\CMS1207\core\Router.php | Строка: 41
=================
[2020-09-18 15:34:37] Текст ошибки: Call to undefined function app\controllers\h() | Файл: C:\Users\Oleg\Downloads\OpenServer\domains\CMS1207\app\controllers\SearchController.php | Строка: 23
=================
[2020-09-18 15:34:38] Текст ошибки: Страница не найдена | Файл: C:\Users\Oleg\Downloads\OpenServer\domains\CMS1207\vendor\CMS1207\core\Router.php | Строка: 41
=================
[2020-09-18 15:34:41] Текст ошибки: Страница не найдена | Файл: C:\Users\Oleg\Downloads\OpenServer\domains\CMS1207\vendor\CMS1207\core\Router.php | Строка: 41
=================
[2020-09-18 15:37:34] Текст ошибки: Страница не найдена | Файл: C:\Users\Oleg\Downloads\OpenServer\domains\CMS1207\vendor\CMS1207\core\Router.php | Строка: 41
=================
[2020-09-18 15:44:35] Текст ошибки: Call to undefined function app\controllers\h() | Файл: C:\Users\Oleg\Downloads\OpenServer\domains\CMS1207\app\controllers\SearchController.php | Строка: 23
=================
[2020-09-18 15:44:37] Текст ошибки: Страница не найдена | Файл: C:\Users\Oleg\Downloads\OpenServer\domains\CMS1207\vendor\CMS1207\core\Router.php | Строка: 41
=================
[2020-09-18 15:46:21] Текст ошибки: Страница не найдена | Файл: C:\Users\Oleg\Downloads\OpenServer\domains\CMS1207\vendor\CMS1207\core\Router.php | Строка: 41
=================
[2020-09-18 15:46:42] Текст ошибки: Страница не найдена | Файл: C:\Users\Oleg\Downloads\OpenServer\domains\CMS1207\vendor\CMS1207\core\Router.php | Строка: 41
=================
[2020-09-18 15:46:51] Текст ошибки: Страница не найдена | Файл: C:\Users\Oleg\Downloads\OpenServer\domains\CMS1207\vendor\CMS1207\core\Router.php | Строка: 41
=================
[2020-09-18 15:47:13] Текст ошибки: Call to undefined function app\controllers\h() | Файл: C:\Users\Oleg\Downloads\OpenServer\domains\CMS1207\app\controllers\SearchController.php | Строка: 23
=================
[2020-09-18 15:47:16] Текст ошибки: Страница не найдена | Файл: C:\Users\Oleg\Downloads\OpenServer\domains\CMS1207\vendor\CMS1207\core\Router.php | Строка: 41
=================
[2020-09-18 15:47:40] Текст ошибки: Страница не найдена | Файл: C:\Users\Oleg\Downloads\OpenServer\domains\CMS1207\vendor\CMS1207\core\Router.php | Строка: 41
=================
[2020-09-18 15:47:58] Текст ошибки: Страница не найдена | Файл: C:\Users\Oleg\Downloads\OpenServer\domains\CMS1207\vendor\CMS1207\core\Router.php | Строка: 41
=================
[2020-09-18 15:48:02] Текст ошибки: Страница не найдена | Файл: C:\Users\Oleg\Downloads\OpenServer\domains\CMS1207\vendor\CMS1207\core\Router.php | Строка: 41
=================
[2020-09-18 15:48:07] Текст ошибки: Страница не найдена | Файл: C:\Users\Oleg\Downloads\OpenServer\domains\CMS1207\vendor\CMS1207\core\Router.php | Строка: 41
=================
[2020-09-18 15:48:14] Текст ошибки: Страница не найдена | Файл: C:\Users\Oleg\Downloads\OpenServer\domains\CMS1207\vendor\CMS1207\core\Router.php | Строка: 41
=================
[2020-09-18 15:48:20] Текст ошибки: Call to undefined function app\controllers\h() | Файл: C:\Users\Oleg\Downloads\OpenServer\domains\CMS1207\app\controllers\SearchController.php | Строка: 23
=================
[2020-09-18 15:48:20] Текст ошибки: Страница не найдена | Файл: C:\Users\Oleg\Downloads\OpenServer\domains\CMS1207\vendor\CMS1207\core\Router.php | Строка: 41
=================
[2020-09-18 15:48:22] Текст ошибки: Страница не найдена | Файл: C:\Users\Oleg\Downloads\OpenServer\domains\CMS1207\vendor\CMS1207\core\Router.php | Строка: 41
=================
[2020-09-18 15:48:27] Текст ошибки: Страница не найдена | Файл: C:\Users\Oleg\Downloads\OpenServer\domains\CMS1207\vendor\CMS1207\core\Router.php | Строка: 41
=================
[2020-09-18 15:48:51] Текст ошибки: Страница не найдена | Файл: C:\Users\Oleg\Downloads\OpenServer\domains\CMS1207\vendor\CMS1207\core\Router.php | Строка: 41
=================
[2020-09-18 15:49:17] Текст ошибки: Страница не найдена | Файл: C:\Users\Oleg\Downloads\OpenServer\domains\CMS1207\vendor\CMS1207\core\Router.php | Строка: 41
=================
[2020-09-18 15:49:22] Текст ошибки: Страница не найдена | Файл: C:\Users\Oleg\Downloads\OpenServer\domains\CMS1207\vendor\CMS1207\core\Router.php | Строка: 41
=================
[2020-09-18 15:49:32] Текст ошибки: Страница не найдена | Файл: C:\Users\Oleg\Downloads\OpenServer\domains\CMS1207\vendor\CMS1207\core\Router.php | Строка: 41
=================
[2020-09-18 15:49:36] Текст ошибки: Страница не найдена | Файл: C:\Users\Oleg\Downloads\OpenServer\domains\CMS1207\vendor\CMS1207\core\Router.php | Строка: 41
=================
[2020-09-18 15:51:21] Текст ошибки: Страница не найдена | Файл: C:\Users\Oleg\Downloads\OpenServer\domains\CMS1207\vendor\CMS1207\core\Router.php | Строка: 41
=================
[2020-09-18 15:51:35] Текст ошибки: Страница не найдена | Файл: C:\Users\Oleg\Downloads\OpenServer\domains\CMS1207\vendor\CMS1207\core\Router.php | Строка: 41
=================
[2020-09-18 15:52:02] Текст ошибки: Страница не найдена | Файл: C:\Users\Oleg\Downloads\OpenServer\domains\CMS1207\vendor\CMS1207\core\Router.php | Строка: 41
=================
[2020-09-18 15:52:05] Текст ошибки: Страница не найдена | Файл: C:\Users\Oleg\Downloads\OpenServer\domains\CMS1207\vendor\CMS1207\core\Router.php | Строка: 41
=================
[2020-09-18 15:52:24] Текст ошибки: Страница не найдена | Файл: C:\Users\Oleg\Downloads\OpenServer\domains\CMS1207\vendor\CMS1207\core\Router.php | Строка: 41
=================
[2020-09-18 15:52:57] Текст ошибки: Страница не найдена | Файл: C:\Users\Oleg\Downloads\OpenServer\domains\CMS1207\vendor\CMS1207\core\Router.php | Строка: 41
=================
[2020-09-18 15:53:01] Текст ошибки: Страница не найдена | Файл: C:\Users\Oleg\Downloads\OpenServer\domains\CMS1207\vendor\CMS1207\core\Router.php | Строка: 41
=================
[2020-09-18 15:53:07] Текст ошибки: Страница не найдена | Файл: C:\Users\Oleg\Downloads\OpenServer\domains\CMS1207\vendor\CMS1207\core\Router.php | Строка: 41
=================
[2020-09-18 15:53:11] Текст ошибки: Страница не найдена | Файл: C:\Users\Oleg\Downloads\OpenServer\domains\CMS1207\vendor\CMS1207\core\Router.php | Строка: 41
=================
[2020-09-18 15:53:18] Текст ошибки: Страница не найдена | Файл: C:\Users\Oleg\Downloads\OpenServer\domains\CMS1207\vendor\CMS1207\core\Router.php | Строка: 41
=================
[2020-09-18 15:54:58] Текст ошибки: Страница не найдена | Файл: C:\Users\Oleg\Downloads\OpenServer\domains\CMS1207\vendor\CMS1207\core\Router.php | Строка: 41
=================
[2020-09-18 15:55:06] Текст ошибки: Страница не найдена | Файл: C:\Users\Oleg\Downloads\OpenServer\domains\CMS1207\vendor\CMS1207\core\Router.php | Строка: 41
=================
[2020-09-18 15:55:11] Текст ошибки: Страница не найдена | Файл: C:\Users\Oleg\Downloads\OpenServer\domains\CMS1207\vendor\CMS1207\core\Router.php | Строка: 41
=================
[2020-09-18 15:55:19] Текст ошибки: Страница не найдена | Файл: C:\Users\Oleg\Downloads\OpenServer\domains\CMS1207\vendor\CMS1207\core\Router.php | Строка: 41
=================
[2020-09-18 15:55:28] Текст ошибки: Страница не найдена | Файл: C:\Users\Oleg\Downloads\OpenServer\domains\CMS1207\vendor\CMS1207\core\Router.php | Строка: 41
=================
[2020-09-18 15:55:38] Текст ошибки: Страница не найдена | Файл: C:\Users\Oleg\Downloads\OpenServer\domains\CMS1207\vendor\CMS1207\core\Router.php | Строка: 41
=================
[2020-09-18 15:55:44] Текст ошибки: Страница не найдена | Файл: C:\Users\Oleg\Downloads\OpenServer\domains\CMS1207\vendor\CMS1207\core\Router.php | Строка: 41
=================
[2020-09-18 15:55:51] Текст ошибки: Страница не найдена | Файл: C:\Users\Oleg\Downloads\OpenServer\domains\CMS1207\vendor\CMS1207\core\Router.php | Строка: 41
=================
[2020-09-18 15:56:03] Текст ошибки: Страница не найдена | Файл: C:\Users\Oleg\Downloads\OpenServer\domains\CMS1207\vendor\CMS1207\core\Router.php | Строка: 41
=================
[2020-09-18 15:56:13] Текст ошибки: Страница не найдена | Файл: C:\Users\Oleg\Downloads\OpenServer\domains\CMS1207\vendor\CMS1207\core\Router.php | Строка: 41
=================
[2020-09-18 15:56:26] Текст ошибки: Страница не найдена | Файл: C:\Users\Oleg\Downloads\OpenServer\domains\CMS1207\vendor\CMS1207\core\Router.php | Строка: 41
=================
[2020-09-18 15:56:32] Текст ошибки: Страница не найдена | Файл: C:\Users\Oleg\Downloads\OpenServer\domains\CMS1207\vendor\CMS1207\core\Router.php | Строка: 41
=================
[2020-09-18 15:57:57] Текст ошибки: Страница не найдена | Файл: C:\Users\Oleg\Downloads\OpenServer\domains\CMS1207\vendor\CMS1207\core\Router.php | Строка: 41
=================
[2020-09-18 15:58:07] Текст ошибки: Страница не найдена | Файл: C:\Users\Oleg\Downloads\OpenServer\domains\CMS1207\vendor\CMS1207\core\Router.php | Строка: 41
=================
[2020-09-18 15:58:10] Текст ошибки: Страница не найдена | Файл: C:\Users\Oleg\Downloads\OpenServer\domains\CMS1207\vendor\CMS1207\core\Router.php | Строка: 41
=================
[2020-09-18 15:58:21] Текст ошибки: Страница не найдена | Файл: C:\Users\Oleg\Downloads\OpenServer\domains\CMS1207\vendor\CMS1207\core\Router.php | Строка: 41
=================
[2020-09-18 15:58:24] Текст ошибки: Страница не найдена | Файл: C:\Users\Oleg\Downloads\OpenServer\domains\CMS1207\vendor\CMS1207\core\Router.php | Строка: 41
=================
[2020-09-18 15:58:26] Текст ошибки: Страница не найдена | Файл: C:\Users\Oleg\Downloads\OpenServer\domains\CMS1207\vendor\CMS1207\core\Router.php | Строка: 41
=================
[2020-09-18 15:59:14] Текст ошибки: Страница не найдена | Файл: C:\Users\Oleg\Downloads\OpenServer\domains\CMS1207\vendor\CMS1207\core\Router.php | Строка: 41
=================
[2020-09-18 15:59:17] Текст ошибки: Call to undefined function app\controllers\h() | Файл: C:\Users\Oleg\Downloads\OpenServer\domains\CMS1207\app\controllers\SearchController.php | Строка: 23
=================
[2020-09-18 15:59:18] Текст ошибки: Страница не найдена | Файл: C:\Users\Oleg\Downloads\OpenServer\domains\CMS1207\vendor\CMS1207\core\Router.php | Строка: 41
=================
[2020-09-18 16:07:17] Текст ошибки: Страница не найдена | Файл: C:\Users\Oleg\Downloads\OpenServer\domains\CMS1207\vendor\CMS1207\core\Router.php | Строка: 41
=================
[2020-09-18 16:15:31] Текст ошибки: Страница не найдена | Файл: C:\Users\Oleg\Downloads\OpenServer\domains\CMS1207\vendor\CMS1207\core\Router.php | Строка: 41
=================
[2020-09-18 16:15:32] Текст ошибки: Страница не найдена | Файл: C:\Users\Oleg\Downloads\OpenServer\domains\CMS1207\vendor\CMS1207\core\Router.php | Строка: 41
=================
[2020-09-18 16:15:32] Текст ошибки: Страница не найдена | Файл: C:\Users\Oleg\Downloads\OpenServer\domains\CMS1207\vendor\CMS1207\core\Router.php | Строка: 41
=================
[2020-09-18 16:15:36] Текст ошибки: Страница не найдена | Файл: C:\Users\Oleg\Downloads\OpenServer\domains\CMS1207\vendor\CMS1207\core\Router.php | Строка: 41
=================
[2020-09-18 16:15:41] Текст ошибки: Контроллер app\controllers\CardController не найден | Файл: C:\Users\Oleg\Downloads\OpenServer\domains\CMS1207\vendor\CMS1207\core\Router.php | Строка: 38
=================
[2020-09-18 16:15:54] Текст ошибки: Страница не найдена | Файл: C:\Users\Oleg\Downloads\OpenServer\domains\CMS1207\vendor\CMS1207\core\Router.php | Строка: 41
=================
[2020-09-18 16:15:58] Текст ошибки: Контроллер app\controllers\CardController не найден | Файл: C:\Users\Oleg\Downloads\OpenServer\domains\CMS1207\vendor\CMS1207\core\Router.php | Строка: 38
=================
[2020-09-18 16:17:31] Текст ошибки: Страница не найдена | Файл: C:\Users\Oleg\Downloads\OpenServer\domains\CMS1207\vendor\CMS1207\core\Router.php | Строка: 41
=================
[2020-09-18 16:17:35] Текст ошибки: Страница не найдена | Файл: C:\Users\Oleg\Downloads\OpenServer\domains\CMS1207\vendor\CMS1207\core\Router.php | Строка: 41
=================
[2020-09-18 16:17:39] Текст ошибки: Страница не найдена | Файл: C:\Users\Oleg\Downloads\OpenServer\domains\CMS1207\vendor\CMS1207\core\Router.php | Строка: 41
=================
[2020-09-18 16:17:44] Текст ошибки: Страница не найдена | Файл: C:\Users\Oleg\Downloads\OpenServer\domains\CMS1207\vendor\CMS1207\core\Router.php | Строка: 41
=================
[2020-09-18 16:18:38] Текст ошибки: Страница не найдена | Файл: C:\Users\Oleg\Downloads\OpenServer\domains\CMS1207\vendor\CMS1207\core\Router.php | Строка: 41
=================
